The system is: Linux - 4.18.0-2-amd64 - x86_64
Compiling the C compiler identification source file "CMakeCCompilerId.c" succeeded.
Compiler: /usr/local/bin/icc.pl 
Build flags: -g;-O2;-fdebug-prefix-map=/dev/shm/myhtml/myhtml=.;-Wformat;-march=native;-pipe;-Wformat-security;-Wdate-time;-D_FORTIFY_SOURCE=2
Id flags:  

The output was:
0
x86_64-linux-gnu-ld: /lib/x86_64-linux-gnu/libz.so.1: no version information available (required by /usr/lib/x86_64-linux-gnu/libbfd-2.31.1-system.so)


Compilation of the C compiler identification source "CMakeCCompilerId.c" produced "a.out"

The C compiler identification is Intel, found in "/dev/shm/myhtml/myhtml/obj-x86_64-linux-gnu/CMakeFiles/3.13.2/CompilerIdC/a.out"

Compiling the CXX compiler identification source file "CMakeCXXCompilerId.cpp" succeeded.
Compiler: /usr/local/bin/icpc.pl 
Build flags: -g;-O2;-fdebug-prefix-map=/dev/shm/myhtml/myhtml=.;-Wformat;-march=native;-pipe;-Wformat-security;-Wdate-time;-D_FORTIFY_SOURCE=2
Id flags:  

The output was:
0
x86_64-linux-gnu-ld: /lib/x86_64-linux-gnu/libz.so.1: no version information available (required by /usr/lib/x86_64-linux-gnu/libbfd-2.31.1-system.so)


Compilation of the CXX compiler identification source "CMakeCXXCompilerId.cpp" produced "a.out"

The CXX compiler identification is Intel, found in "/dev/shm/myhtml/myhtml/obj-x86_64-linux-gnu/CMakeFiles/3.13.2/CompilerIdCXX/a.out"

Determining if the C compiler works passed with the following output:
Change Dir: /dev/shm/myhtml/myhtml/obj-x86_64-linux-gnu/CMakeFiles/CMakeTmp

Run Build Command:"/usr/bin/make" "cmTC_8a300/fast"
make[2]: Entering directory '/dev/shm/myhtml/myhtml/obj-x86_64-linux-gnu/CMakeFiles/CMakeTmp'
/usr/bin/make -f CMakeFiles/cmTC_8a300.dir/build.make CMakeFiles/cmTC_8a300.dir/build
make[3]: Entering directory '/dev/shm/myhtml/myhtml/obj-x86_64-linux-gnu/CMakeFiles/CMakeTmp'
/usr/bin/cmake: /lib/x86_64-linux-gnu/libz.so.1: no version information available (required by /usr/bin/cmake)
/usr/bin/cmake: /lib/x86_64-linux-gnu/libz.so.1: no version information available (required by /usr/lib/x86_64-linux-gnu/libxml2.so.2)
/usr/bin/cmake: /lib/x86_64-linux-gnu/libz.so.1: no version information available (required by /usr/lib/x86_64-linux-gnu/libxml2.so.2)
Building C object CMakeFiles/cmTC_8a300.dir/testCCompiler.c.o
/usr/local/bin/icc.pl   -g -O2 -fdebug-prefix-map=/dev/shm/myhtml/myhtml=. -Wformat -march=native -pipe -Wformat-security -Wdate-time -D_FORTIFY_SOURCE=2    -o CMakeFiles/cmTC_8a300.dir/testCCompiler.c.o   -c /dev/shm/myhtml/myhtml/obj-x86_64-linux-gnu/CMakeFiles/CMakeTmp/testCCompiler.c
/usr/bin/cmake: /lib/x86_64-linux-gnu/libz.so.1: no version information available (required by /usr/bin/cmake)
/usr/bin/cmake: /lib/x86_64-linux-gnu/libz.so.1: no version information available (required by /usr/lib/x86_64-linux-gnu/libxml2.so.2)
/usr/bin/cmake: /lib/x86_64-linux-gnu/libz.so.1: no version information available (required by /usr/lib/x86_64-linux-gnu/libxml2.so.2)
Linking C executable cmTC_8a300
/usr/bin/cmake -E cmake_link_script CMakeFiles/cmTC_8a300.dir/link.txt --verbose=1
/usr/bin/cmake: /lib/x86_64-linux-gnu/libz.so.1: no version information available (required by /usr/bin/cmake)
/usr/bin/cmake: /lib/x86_64-linux-gnu/libz.so.1: no version information available (required by /usr/lib/x86_64-linux-gnu/libxml2.so.2)
/usr/bin/cmake: /lib/x86_64-linux-gnu/libz.so.1: no version information available (required by /usr/lib/x86_64-linux-gnu/libxml2.so.2)
/usr/local/bin/icc.pl -g -O2 -fdebug-prefix-map=/dev/shm/myhtml/myhtml=. -Wformat -march=native -pipe -Wformat-security -Wdate-time -D_FORTIFY_SOURCE=2     -rdynamic CMakeFiles/cmTC_8a300.dir/testCCompiler.c.o  -o cmTC_8a300 
x86_64-linux-gnu-ld: /lib/x86_64-linux-gnu/libz.so.1: no version information available (required by /usr/lib/x86_64-linux-gnu/libbfd-2.31.1-system.so)
make[3]: Leaving directory '/dev/shm/myhtml/myhtml/obj-x86_64-linux-gnu/CMakeFiles/CMakeTmp'
make[2]: Leaving directory '/dev/shm/myhtml/myhtml/obj-x86_64-linux-gnu/CMakeFiles/CMakeTmp'


Detecting C compiler ABI info compiled with the following output:
Change Dir: /dev/shm/myhtml/myhtml/obj-x86_64-linux-gnu/CMakeFiles/CMakeTmp

Run Build Command:"/usr/bin/make" "cmTC_e3c2a/fast"
make[2]: Entering directory '/dev/shm/myhtml/myhtml/obj-x86_64-linux-gnu/CMakeFiles/CMakeTmp'
/usr/bin/make -f CMakeFiles/cmTC_e3c2a.dir/build.make CMakeFiles/cmTC_e3c2a.dir/build
make[3]: Entering directory '/dev/shm/myhtml/myhtml/obj-x86_64-linux-gnu/CMakeFiles/CMakeTmp'
/usr/bin/cmake: /lib/x86_64-linux-gnu/libz.so.1: no version information available (required by /usr/bin/cmake)
/usr/bin/cmake: /lib/x86_64-linux-gnu/libz.so.1: no version information available (required by /usr/lib/x86_64-linux-gnu/libxml2.so.2)
/usr/bin/cmake: /lib/x86_64-linux-gnu/libz.so.1: no version information available (required by /usr/lib/x86_64-linux-gnu/libxml2.so.2)
Building C object CMakeFiles/cmTC_e3c2a.dir/CMakeCCompilerABI.c.o
/usr/local/bin/icc.pl   -g -O2 -fdebug-prefix-map=/dev/shm/myhtml/myhtml=. -Wformat -march=native -pipe -Wformat-security -Wdate-time -D_FORTIFY_SOURCE=2    -o CMakeFiles/cmTC_e3c2a.dir/CMakeCCompilerABI.c.o   -c /usr/share/cmake-3.13/Modules/CMakeCCompilerABI.c
/usr/bin/cmake: /lib/x86_64-linux-gnu/libz.so.1: no version information available (required by /usr/bin/cmake)
/usr/bin/cmake: /lib/x86_64-linux-gnu/libz.so.1: no version information available (required by /usr/lib/x86_64-linux-gnu/libxml2.so.2)
/usr/bin/cmake: /lib/x86_64-linux-gnu/libz.so.1: no version information available (required by /usr/lib/x86_64-linux-gnu/libxml2.so.2)
Linking C executable cmTC_e3c2a
/usr/bin/cmake -E cmake_link_script CMakeFiles/cmTC_e3c2a.dir/link.txt --verbose=1
/usr/bin/cmake: /lib/x86_64-linux-gnu/libz.so.1: no version information available (required by /usr/bin/cmake)
/usr/bin/cmake: /lib/x86_64-linux-gnu/libz.so.1: no version information available (required by /usr/lib/x86_64-linux-gnu/libxml2.so.2)
/usr/bin/cmake: /lib/x86_64-linux-gnu/libz.so.1: no version information available (required by /usr/lib/x86_64-linux-gnu/libxml2.so.2)
/usr/local/bin/icc.pl -g -O2 -fdebug-prefix-map=/dev/shm/myhtml/myhtml=. -Wformat -march=native -pipe -Wformat-security -Wdate-time -D_FORTIFY_SOURCE=2    -v -rdynamic CMakeFiles/cmTC_e3c2a.dir/CMakeCCompilerABI.c.o  -o cmTC_e3c2a 
__INTEL_PRE_CFLAGS options:  
-diag-disable=10013,10385,10237,10346

__INTEL_POST_CFLAGS options:  
-Wl,--relax,--gc-sections,-O,2
-pipe

icc version 19.0.1.144 (gcc version 8.2.0 compatibility)
/opt/intel/compilers_and_libraries_2019.1.144/linux/bin/intel64/mcpcom    -mGLOB_em64t=TRUE -mP1OPT_version=19.0-intel64 -mGLOB_diag_enable_disable=D:10013,D:10385,D:10237,D:10346 -mGLOB_diag_file=CMakeFiles/cmTC_e3c2a.dir/CMakeCCompilerABI.c.diag -mGLOB_long_size_64 -mGLOB_routine_pointer_size_64 -mP1OPT_print_version=FALSE -mCG_use_gas_got_workaround=F -mP2OPT_align_option_used=TRUE -mGLOB_gcc_version=820 "-mGLOB_options_string=-diag-disable=10013,10385,10237,10346 -O3 -fabi-version=13 -falign-functions -falign-loops -fbuiltin -fdata-sections -ffunction-sections -ffat-lto-objects -fpermissive -gcc-name=gcc-8 -gnu-prefix=x86_64-linux-gnu- -gxx-name=g++-8 -inline-level=2 -inline-min-caller-growth=0 -ipo -march=native -par-schedule-auto -parallel -qoverride-limits -qopt-matmul -qopt-mem-layout-trans -qopt-multi-version-aggressive -qopt-prefetch -static-intel -no-inline-max-per-routine -no-inline-max-per-compile -no-inline-max-size -inline-max-total-size=19999 -Wl,--as-needed -g -Wformat -Wformat-security -D_FORTIFY_SOURCE=2 -v -rdynamic -ocmTC_e3c2a -Wl,--relax,--gc-sections,-O,2 -pipe" -mGLOB_cxx_limited_range=FALSE -mCG_extend_parms=FALSE -mGLOB_compiler_bin_directory=/opt/intel/compilers_and_libraries_2019.1.144/linux/bin/intel64 -mP3OPT_emit_line_numbers -mGLOB_debug_target=GLOB_DEBUG_TARGET_ALL -mDEBUG_info_level=2 -mDEBUG_use_indirect_strings=TRUE -mIPOPT_ninl_debug_info=TRUE -mDEBUG_emit_dwarf_inline_info=TRUE -mDEBUG_debug_ranges=TRUE -mGLOB_debug_format=GLOB_DEBUG_FORMAT_DWARF40 -mGLOB_as_output_backup_file_name=/tmp/intel/iccPHFjR8as_.s -mGLOB_dashboard_use_source_name -mIPOPT_activate -mGLOB_product_id_code=0x22006d93 -mGLOB_nonstandard_lib=FALSE -mGLOB_extended_instructions=0x400 -mGLOB_cpu_march=native -mP2OPT_package_functions -mP2OPT_package_data -mP3OPT_use_mspp_call_convention -mP2OPT_subs_out_of_bound=FALSE -mP2OPT_disam_type_based_disam=2 -mP2OPT_disam_assume_ansi_c -mP2OPT_checked_disam_ansi_alias=TRUE -mGLOB_ansi_alias -mIPOPT_ninl_tiny_size=0 -mIPOPT_ninl_max_stats=-1 -mIPOPT_ninl_max_total_stats=19999 -mIPOPT_ninl_max_routine_count=-1 -mIPOPT_ninl_max_compile_count=-1 -mIPOPT_mem_layout_trans=2 -mIPOPT_ninl_user_level=2 -mPGOPTI_value_profile_use=T -mGLOB_opt_report_use_source_name -mGLOB_default_function_attrs=function_alignment=16;function_loops_alignment=16 -mGLOB_override_limits=TRUE -mP2OPT_hpo_aggressive_multiver -mP2OPT_hlo_matmul -mP2OPT_il0_array_sections=TRUE -mGLOB_offload_mode=1 -mP2OPT_offload_unique_var_string=icc1998099752D3OzNZ -mGLOB_opt_level=3 -mP2OPT_hlo_level=3 -mP2OPT_hlo -mPAROPT_concurrentize=TRUE -mP2OPT_hpo_threadizer=TRUE -mP2OPT_hpo_rtt_control=0 -mP2OPT_hpo_schedule=38 -mP2OPT_hpo_chunk=1 -mIPOPT_args_in_regs=0 -mP2OPT_disam_assume_nonstd_intent_in=FALSE -mGLOB_imf_mapping_library=/opt/intel/compilers_and_libraries_2019.1.144/linux/bin/intel64/libiml_attr.so -mP2OPT_hlo_embed_loopinfo -mPGOPTI_gen_threadsafe_level=0 -mPGOPTI_func_group=FALSE -mIPOPT_link -mIPOPT_ipo_activate -mIPOPT_mo_activate -mIPOPT_source_files_list=/tmp/intel/iccslisLPrV3T -mIPOPT_mo_global_data -mIPOPT_link_script_file=/tmp/intel/iccscriptNVmCs1 "-mIPOPT_cmdline_link="/usr/lib/gcc/x86_64-linux-gnu/8/../../../x86_64-linux-gnu/Scrt1.o" "/usr/lib/gcc/x86_64-linux-gnu/8/../../../x86_64-linux-gnu/crti.o" "/usr/lib/gcc/x86_64-linux-gnu/8/crtbeginS.o" "-export-dynamic" "--eh-frame-hdr" "--build-id" "-dynamic-linker" "/lib64/ld-linux-x86-64.so.2" "-m" "elf_x86_64" "-o" "cmTC_e3c2a" "-L/opt/intel/compilers_and_libraries_2019.1.144/linux/tbb/lib/intel64/gcc4.7" "-L/opt/intel/compilers_and_libraries_2019.1.144/linux/compiler/lib/intel64_lin" "-L/usr/lib/gcc/x86_64-linux-gnu/8/" "-L/usr/lib/gcc/x86_64-linux-gnu/8/../../../x86_64-linux-gnu/" "-L/usr/lib/gcc/x86_64-linux-gnu/8/../../../../lib/" "-L/lib/x86_64-linux-gnu/" "-L/lib/../lib64" "-L/lib/../lib/" "-L/usr/lib/x86_64-linux-gnu/" "-L/usr/lib/../lib/" "-L./" "-L/opt/intel/compilers_and_libraries_2019.1.144/linux/tbb/lib/intel64/gcc4.7/" "-L/usr/lib/gcc/x86_64-linux-gnu/8/../../../" "-L/lib64" "-L/lib/" "-L/usr/lib" "--as-needed" "CMakeFiles/cmTC_e3c2a.dir/CMakeCCompilerABI.c.o" "--relax" "--gc-sections" "-O" "2" "-Bdynamic" "-Bstatic" "-limf" "-lsvml" "-lirng" "-lmatmul" "-Bdynamic" "-lm" "-Bstatic" "-lipgo" "-ldecimal" "-Bdynamic" "-liomp5" "-lgcc" "-lgcc_s" "-Bstatic" "-lirc" "-Bdynamic" "-lpthread" "-Bstatic" "-lsvml" "-Bdynamic" "-lc" "-lgcc" "-lgcc_s" "-Bstatic" "-lirc_s" "-Bdynamic" "-ldl" "-lc" "/usr/lib/gcc/x86_64-linux-gnu/8/crtendS.o" "/usr/lib/gcc/x86_64-linux-gnu/8/../../../x86_64-linux-gnu/crtn.o"" -mIPOPT_il_in_obj -mIPOPT_obj_output_file_name=/tmp/intel/ipo_icc5fbRFb.o -mIPOPT_whole_archive_fixup_file_name=/tmp/intel/iccwarchhiJawC -mGLOB_linker=x86_64-linux-gnu-ld -mGLOB_driver_tempfile_name=/tmp/intel/icctempfilenCb2PY -mP3OPT_asm_target=P3OPT_ASM_TARGET_GAS -mGLOB_async_unwind_tables=TRUE -mGLOB_obj_output_file=/tmp/intel/ipo_icc5fbRFb.o -mGLOB_source_dialect=GLOB_SOURCE_DIALECT_NONE -mP1OPT_source_file_name=ipo_out.c CMakeFiles/cmTC_e3c2a.dir/CMakeCCompilerABI.c.o -mIPOPT_object_files=T -mIPOPT_assembly_files=/tmp/intel/iccalisPvsctq -mIPOPT_generated_tempfiles=/tmp/intel/iccelisRrkSRx -mIPOPT_embedded_object_base_name=/tmp/intel/icceobjJAxygF -mIPOPT_cmdline_link_new_name=/tmp/intel/iccllisbaPeFM
x86_64-linux-gnu-ld    -export-dynamic --eh-frame-hdr --build-id -dynamic-linker /lib64/ld-linux-x86-64.so.2 -m elf_x86_64 -o cmTC_e3c2a -L/opt/intel/compilers_and_libraries_2019.1.144/linux/tbb/lib/intel64/gcc4.7 -L/opt/intel/compilers_and_libraries_2019.1.144/linux/compiler/lib/intel64_lin -L/usr/lib/gcc/x86_64-linux-gnu/8/ -L/usr/lib/gcc/x86_64-linux-gnu/8/../../../x86_64-linux-gnu/ -L/usr/lib/gcc/x86_64-linux-gnu/8/../../../../lib/ -L/lib/x86_64-linux-gnu/ -L/lib/../lib64 -L/lib/../lib/ -L/usr/lib/x86_64-linux-gnu/ -L/usr/lib/../lib/ -L./ -L/opt/intel/compilers_and_libraries_2019.1.144/linux/tbb/lib/intel64/gcc4.7/ -L/usr/lib/gcc/x86_64-linux-gnu/8/../../../ -L/lib64 -L/lib/ -L/usr/lib --relax --gc-sections -O 2 /usr/lib/gcc/x86_64-linux-gnu/8/../../../x86_64-linux-gnu/Scrt1.o /usr/lib/gcc/x86_64-linux-gnu/8/../../../x86_64-linux-gnu/crti.o /usr/lib/gcc/x86_64-linux-gnu/8/crtbeginS.o /tmp/intel/ipo_icc5fbRFb.o --as-needed -Bstatic -limf -lsvml -lirng -lmatmul -Bdynamic -lm -Bstatic -lipgo -ldecimal -Bdynamic -liomp5 -lgcc -lgcc_s -Bstatic -lirc -Bdynamic -lpthread -Bstatic -lsvml -Bdynamic -lc -lgcc -lgcc_s -Bstatic -lirc_s -Bdynamic -ldl -lc /usr/lib/gcc/x86_64-linux-gnu/8/crtendS.o /usr/lib/gcc/x86_64-linux-gnu/8/../../../x86_64-linux-gnu/crtn.o --no-as-needed
x86_64-linux-gnu-ld: /lib/x86_64-linux-gnu/libz.so.1: no version information available (required by /usr/lib/x86_64-linux-gnu/libbfd-2.31.1-system.so)
make[3]: Leaving directory '/dev/shm/myhtml/myhtml/obj-x86_64-linux-gnu/CMakeFiles/CMakeTmp'
make[2]: Leaving directory '/dev/shm/myhtml/myhtml/obj-x86_64-linux-gnu/CMakeFiles/CMakeTmp'


Parsed C implicit link information from above output:
  link line regex: [^( *|.*[/\])(xild|CMAKE_LINK_STARTFILE-NOTFOUND|([^/\]+-)?ld|collect2)[^/\]*( |$)]
  ignore line: [Change Dir: /dev/shm/myhtml/myhtml/obj-x86_64-linux-gnu/CMakeFiles/CMakeTmp]
  ignore line: []
  ignore line: [Run Build Command:"/usr/bin/make" "cmTC_e3c2a/fast"]
  ignore line: [make[2]: Entering directory '/dev/shm/myhtml/myhtml/obj-x86_64-linux-gnu/CMakeFiles/CMakeTmp']
  ignore line: [/usr/bin/make -f CMakeFiles/cmTC_e3c2a.dir/build.make CMakeFiles/cmTC_e3c2a.dir/build]
  ignore line: [make[3]: Entering directory '/dev/shm/myhtml/myhtml/obj-x86_64-linux-gnu/CMakeFiles/CMakeTmp']
  ignore line: [/usr/bin/cmake: /lib/x86_64-linux-gnu/libz.so.1: no version information available (required by /usr/bin/cmake)]
  ignore line: [/usr/bin/cmake: /lib/x86_64-linux-gnu/libz.so.1: no version information available (required by /usr/lib/x86_64-linux-gnu/libxml2.so.2)]
  ignore line: [/usr/bin/cmake: /lib/x86_64-linux-gnu/libz.so.1: no version information available (required by /usr/lib/x86_64-linux-gnu/libxml2.so.2)]
  ignore line: [Building C object CMakeFiles/cmTC_e3c2a.dir/CMakeCCompilerABI.c.o]
  ignore line: [/usr/local/bin/icc.pl   -g -O2 -fdebug-prefix-map=/dev/shm/myhtml/myhtml=. -Wformat -march=native -pipe -Wformat-security -Wdate-time -D_FORTIFY_SOURCE=2    -o CMakeFiles/cmTC_e3c2a.dir/CMakeCCompilerABI.c.o   -c /usr/share/cmake-3.13/Modules/CMakeCCompilerABI.c]
  ignore line: [/usr/bin/cmake: /lib/x86_64-linux-gnu/libz.so.1: no version information available (required by /usr/bin/cmake)]
  ignore line: [/usr/bin/cmake: /lib/x86_64-linux-gnu/libz.so.1: no version information available (required by /usr/lib/x86_64-linux-gnu/libxml2.so.2)]
  ignore line: [/usr/bin/cmake: /lib/x86_64-linux-gnu/libz.so.1: no version information available (required by /usr/lib/x86_64-linux-gnu/libxml2.so.2)]
  ignore line: [Linking C executable cmTC_e3c2a]
  ignore line: [/usr/bin/cmake -E cmake_link_script CMakeFiles/cmTC_e3c2a.dir/link.txt --verbose=1]
  ignore line: [/usr/bin/cmake: /lib/x86_64-linux-gnu/libz.so.1: no version information available (required by /usr/bin/cmake)]
  ignore line: [/usr/bin/cmake: /lib/x86_64-linux-gnu/libz.so.1: no version information available (required by /usr/lib/x86_64-linux-gnu/libxml2.so.2)]
  ignore line: [/usr/bin/cmake: /lib/x86_64-linux-gnu/libz.so.1: no version information available (required by /usr/lib/x86_64-linux-gnu/libxml2.so.2)]
  ignore line: [/usr/local/bin/icc.pl -g -O2 -fdebug-prefix-map=/dev/shm/myhtml/myhtml=. -Wformat -march=native -pipe -Wformat-security -Wdate-time -D_FORTIFY_SOURCE=2    -v -rdynamic CMakeFiles/cmTC_e3c2a.dir/CMakeCCompilerABI.c.o  -o cmTC_e3c2a ]
  ignore line: [__INTEL_PRE_CFLAGS options:  ]
  ignore line: [-diag-disable=10013,10385,10237,10346]
  ignore line: []
  ignore line: [__INTEL_POST_CFLAGS options:  ]
  ignore line: [-Wl,--relax,--gc-sections,-O,2]
  ignore line: [-pipe]
  ignore line: []
  ignore line: [icc version 19.0.1.144 (gcc version 8.2.0 compatibility)]
  ignore line: [/opt/intel/compilers_and_libraries_2019.1.144/linux/bin/intel64/mcpcom    -mGLOB_em64t=TRUE -mP1OPT_version=19.0-intel64 -mGLOB_diag_enable_disable=D:10013,D:10385,D:10237,D:10346 -mGLOB_diag_file=CMakeFiles/cmTC_e3c2a.dir/CMakeCCompilerABI.c.diag -mGLOB_long_size_64 -mGLOB_routine_pointer_size_64 -mP1OPT_print_version=FALSE -mCG_use_gas_got_workaround=F -mP2OPT_align_option_used=TRUE -mGLOB_gcc_version=820 "-mGLOB_options_string=-diag-disable=10013,10385,10237,10346 -O3 -fabi-version=13 -falign-functions -falign-loops -fbuiltin -fdata-sections -ffunction-sections -ffat-lto-objects -fpermissive -gcc-name=gcc-8 -gnu-prefix=x86_64-linux-gnu- -gxx-name=g++-8 -inline-level=2 -inline-min-caller-growth=0 -ipo -march=native -par-schedule-auto -parallel -qoverride-limits -qopt-matmul -qopt-mem-layout-trans -qopt-multi-version-aggressive -qopt-prefetch -static-intel -no-inline-max-per-routine -no-inline-max-per-compile -no-inline-max-size -inline-max-total-size=19999 -Wl,--as-needed -g -Wformat -Wformat-security -D_FORTIFY_SOURCE=2 -v -rdynamic -ocmTC_e3c2a -Wl,--relax,--gc-sections,-O,2 -pipe" -mGLOB_cxx_limited_range=FALSE -mCG_extend_parms=FALSE -mGLOB_compiler_bin_directory=/opt/intel/compilers_and_libraries_2019.1.144/linux/bin/intel64 -mP3OPT_emit_line_numbers -mGLOB_debug_target=GLOB_DEBUG_TARGET_ALL -mDEBUG_info_level=2 -mDEBUG_use_indirect_strings=TRUE -mIPOPT_ninl_debug_info=TRUE -mDEBUG_emit_dwarf_inline_info=TRUE -mDEBUG_debug_ranges=TRUE -mGLOB_debug_format=GLOB_DEBUG_FORMAT_DWARF40 -mGLOB_as_output_backup_file_name=/tmp/intel/iccPHFjR8as_.s -mGLOB_dashboard_use_source_name -mIPOPT_activate -mGLOB_product_id_code=0x22006d93 -mGLOB_nonstandard_lib=FALSE -mGLOB_extended_instructions=0x400 -mGLOB_cpu_march=native -mP2OPT_package_functions -mP2OPT_package_data -mP3OPT_use_mspp_call_convention -mP2OPT_subs_out_of_bound=FALSE -mP2OPT_disam_type_based_disam=2 -mP2OPT_disam_assume_ansi_c -mP2OPT_checked_disam_ansi_alias=TRUE -mGLOB_ansi_alias -mIPOPT_ninl_tiny_size=0 -mIPOPT_ninl_max_stats=-1 -mIPOPT_ninl_max_total_stats=19999 -mIPOPT_ninl_max_routine_count=-1 -mIPOPT_ninl_max_compile_count=-1 -mIPOPT_mem_layout_trans=2 -mIPOPT_ninl_user_level=2 -mPGOPTI_value_profile_use=T -mGLOB_opt_report_use_source_name -mGLOB_default_function_attrs=function_alignment=16]
  ignore line: [function_loops_alignment=16 -mGLOB_override_limits=TRUE -mP2OPT_hpo_aggressive_multiver -mP2OPT_hlo_matmul -mP2OPT_il0_array_sections=TRUE -mGLOB_offload_mode=1 -mP2OPT_offload_unique_var_string=icc1998099752D3OzNZ -mGLOB_opt_level=3 -mP2OPT_hlo_level=3 -mP2OPT_hlo -mPAROPT_concurrentize=TRUE -mP2OPT_hpo_threadizer=TRUE -mP2OPT_hpo_rtt_control=0 -mP2OPT_hpo_schedule=38 -mP2OPT_hpo_chunk=1 -mIPOPT_args_in_regs=0 -mP2OPT_disam_assume_nonstd_intent_in=FALSE -mGLOB_imf_mapping_library=/opt/intel/compilers_and_libraries_2019.1.144/linux/bin/intel64/libiml_attr.so -mP2OPT_hlo_embed_loopinfo -mPGOPTI_gen_threadsafe_level=0 -mPGOPTI_func_group=FALSE -mIPOPT_link -mIPOPT_ipo_activate -mIPOPT_mo_activate -mIPOPT_source_files_list=/tmp/intel/iccslisLPrV3T -mIPOPT_mo_global_data -mIPOPT_link_script_file=/tmp/intel/iccscriptNVmCs1 "-mIPOPT_cmdline_link="/usr/lib/gcc/x86_64-linux-gnu/8/../../../x86_64-linux-gnu/Scrt1.o" "/usr/lib/gcc/x86_64-linux-gnu/8/../../../x86_64-linux-gnu/crti.o" "/usr/lib/gcc/x86_64-linux-gnu/8/crtbeginS.o" "-export-dynamic" "--eh-frame-hdr" "--build-id" "-dynamic-linker" "/lib64/ld-linux-x86-64.so.2" "-m" "elf_x86_64" "-o" "cmTC_e3c2a" "-L/opt/intel/compilers_and_libraries_2019.1.144/linux/tbb/lib/intel64/gcc4.7" "-L/opt/intel/compilers_and_libraries_2019.1.144/linux/compiler/lib/intel64_lin" "-L/usr/lib/gcc/x86_64-linux-gnu/8/" "-L/usr/lib/gcc/x86_64-linux-gnu/8/../../../x86_64-linux-gnu/" "-L/usr/lib/gcc/x86_64-linux-gnu/8/../../../../lib/" "-L/lib/x86_64-linux-gnu/" "-L/lib/../lib64" "-L/lib/../lib/" "-L/usr/lib/x86_64-linux-gnu/" "-L/usr/lib/../lib/" "-L./" "-L/opt/intel/compilers_and_libraries_2019.1.144/linux/tbb/lib/intel64/gcc4.7/" "-L/usr/lib/gcc/x86_64-linux-gnu/8/../../../" "-L/lib64" "-L/lib/" "-L/usr/lib" "--as-needed" "CMakeFiles/cmTC_e3c2a.dir/CMakeCCompilerABI.c.o" "--relax" "--gc-sections" "-O" "2" "-Bdynamic" "-Bstatic" "-limf" "-lsvml" "-lirng" "-lmatmul" "-Bdynamic" "-lm" "-Bstatic" "-lipgo" "-ldecimal" "-Bdynamic" "-liomp5" "-lgcc" "-lgcc_s" "-Bstatic" "-lirc" "-Bdynamic" "-lpthread" "-Bstatic" "-lsvml" "-Bdynamic" "-lc" "-lgcc" "-lgcc_s" "-Bstatic" "-lirc_s" "-Bdynamic" "-ldl" "-lc" "/usr/lib/gcc/x86_64-linux-gnu/8/crtendS.o" "/usr/lib/gcc/x86_64-linux-gnu/8/../../../x86_64-linux-gnu/crtn.o"" -mIPOPT_il_in_obj -mIPOPT_obj_output_file_name=/tmp/intel/ipo_icc5fbRFb.o -mIPOPT_whole_archive_fixup_file_name=/tmp/intel/iccwarchhiJawC -mGLOB_linker=x86_64-linux-gnu-ld -mGLOB_driver_tempfile_name=/tmp/intel/icctempfilenCb2PY -mP3OPT_asm_target=P3OPT_ASM_TARGET_GAS -mGLOB_async_unwind_tables=TRUE -mGLOB_obj_output_file=/tmp/intel/ipo_icc5fbRFb.o -mGLOB_source_dialect=GLOB_SOURCE_DIALECT_NONE -mP1OPT_source_file_name=ipo_out.c CMakeFiles/cmTC_e3c2a.dir/CMakeCCompilerABI.c.o -mIPOPT_object_files=T -mIPOPT_assembly_files=/tmp/intel/iccalisPvsctq -mIPOPT_generated_tempfiles=/tmp/intel/iccelisRrkSRx -mIPOPT_embedded_object_base_name=/tmp/intel/icceobjJAxygF -mIPOPT_cmdline_link_new_name=/tmp/intel/iccllisbaPeFM]
  link line: [x86_64-linux-gnu-ld    -export-dynamic --eh-frame-hdr --build-id -dynamic-linker /lib64/ld-linux-x86-64.so.2 -m elf_x86_64 -o cmTC_e3c2a -L/opt/intel/compilers_and_libraries_2019.1.144/linux/tbb/lib/intel64/gcc4.7 -L/opt/intel/compilers_and_libraries_2019.1.144/linux/compiler/lib/intel64_lin -L/usr/lib/gcc/x86_64-linux-gnu/8/ -L/usr/lib/gcc/x86_64-linux-gnu/8/../../../x86_64-linux-gnu/ -L/usr/lib/gcc/x86_64-linux-gnu/8/../../../../lib/ -L/lib/x86_64-linux-gnu/ -L/lib/../lib64 -L/lib/../lib/ -L/usr/lib/x86_64-linux-gnu/ -L/usr/lib/../lib/ -L./ -L/opt/intel/compilers_and_libraries_2019.1.144/linux/tbb/lib/intel64/gcc4.7/ -L/usr/lib/gcc/x86_64-linux-gnu/8/../../../ -L/lib64 -L/lib/ -L/usr/lib --relax --gc-sections -O 2 /usr/lib/gcc/x86_64-linux-gnu/8/../../../x86_64-linux-gnu/Scrt1.o /usr/lib/gcc/x86_64-linux-gnu/8/../../../x86_64-linux-gnu/crti.o /usr/lib/gcc/x86_64-linux-gnu/8/crtbeginS.o /tmp/intel/ipo_icc5fbRFb.o --as-needed -Bstatic -limf -lsvml -lirng -lmatmul -Bdynamic -lm -Bstatic -lipgo -ldecimal -Bdynamic -liomp5 -lgcc -lgcc_s -Bstatic -lirc -Bdynamic -lpthread -Bstatic -lsvml -Bdynamic -lc -lgcc -lgcc_s -Bstatic -lirc_s -Bdynamic -ldl -lc /usr/lib/gcc/x86_64-linux-gnu/8/crtendS.o /usr/lib/gcc/x86_64-linux-gnu/8/../../../x86_64-linux-gnu/crtn.o --no-as-needed]
    arg [x86_64-linux-gnu-ld] ==> ignore
    arg [-export-dynamic] ==> ignore
    arg [--eh-frame-hdr] ==> ignore
    arg [--build-id] ==> ignore
    arg [-dynamic-linker] ==> ignore
    arg [/lib64/ld-linux-x86-64.so.2] ==> ignore
    arg [-m] ==> ignore
    arg [elf_x86_64] ==> ignore
    arg [-o] ==> ignore
    arg [cmTC_e3c2a] ==> ignore
    arg [-L/opt/intel/compilers_and_libraries_2019.1.144/linux/tbb/lib/intel64/gcc4.7] ==> dir [/opt/intel/compilers_and_libraries_2019.1.144/linux/tbb/lib/intel64/gcc4.7]
    arg [-L/opt/intel/compilers_and_libraries_2019.1.144/linux/compiler/lib/intel64_lin] ==> dir [/opt/intel/compilers_and_libraries_2019.1.144/linux/compiler/lib/intel64_lin]
    arg [-L/usr/lib/gcc/x86_64-linux-gnu/8/] ==> dir [/usr/lib/gcc/x86_64-linux-gnu/8/]
    arg [-L/usr/lib/gcc/x86_64-linux-gnu/8/../../../x86_64-linux-gnu/] ==> dir [/usr/lib/gcc/x86_64-linux-gnu/8/../../../x86_64-linux-gnu/]
    arg [-L/usr/lib/gcc/x86_64-linux-gnu/8/../../../../lib/] ==> dir [/usr/lib/gcc/x86_64-linux-gnu/8/../../../../lib/]
    arg [-L/lib/x86_64-linux-gnu/] ==> dir [/lib/x86_64-linux-gnu/]
    arg [-L/lib/../lib64] ==> dir [/lib/../lib64]
    arg [-L/lib/../lib/] ==> dir [/lib/../lib/]
    arg [-L/usr/lib/x86_64-linux-gnu/] ==> dir [/usr/lib/x86_64-linux-gnu/]
    arg [-L/usr/lib/../lib/] ==> dir [/usr/lib/../lib/]
    arg [-L./] ==> ignore
    arg [-L/opt/intel/compilers_and_libraries_2019.1.144/linux/tbb/lib/intel64/gcc4.7/] ==> dir [/opt/intel/compilers_and_libraries_2019.1.144/linux/tbb/lib/intel64/gcc4.7/]
    arg [-L/usr/lib/gcc/x86_64-linux-gnu/8/../../../] ==> dir [/usr/lib/gcc/x86_64-linux-gnu/8/../../../]
    arg [-L/lib64] ==> dir [/lib64]
    arg [-L/lib/] ==> dir [/lib/]
    arg [-L/usr/lib] ==> dir [/usr/lib]
    arg [--relax] ==> ignore
    arg [--gc-sections] ==> ignore
    arg [-O] ==> ignore
    arg [2] ==> ignore
    arg [/usr/lib/gcc/x86_64-linux-gnu/8/../../../x86_64-linux-gnu/Scrt1.o] ==> ignore
    arg [/usr/lib/gcc/x86_64-linux-gnu/8/../../../x86_64-linux-gnu/crti.o] ==> ignore
    arg [/usr/lib/gcc/x86_64-linux-gnu/8/crtbeginS.o] ==> ignore
    arg [/tmp/intel/ipo_icc5fbRFb.o] ==> ignore
    arg [--as-needed] ==> ignore
    arg [-Bstatic] ==> ignore
    arg [-limf] ==> lib [imf]
    arg [-lsvml] ==> lib [svml]
    arg [-lirng] ==> lib [irng]
    arg [-lmatmul] ==> lib [matmul]
    arg [-Bdynamic] ==> ignore
    arg [-lm] ==> lib [m]
    arg [-Bstatic] ==> ignore
    arg [-lipgo] ==> lib [ipgo]
    arg [-ldecimal] ==> lib [decimal]
    arg [-Bdynamic] ==> ignore
    arg [-liomp5] ==> lib [iomp5]
    arg [-lgcc] ==> lib [gcc]
    arg [-lgcc_s] ==> lib [gcc_s]
    arg [-Bstatic] ==> ignore
    arg [-lirc] ==> lib [irc]
    arg [-Bdynamic] ==> ignore
    arg [-lpthread] ==> lib [pthread]
    arg [-Bstatic] ==> ignore
    arg [-lsvml] ==> lib [svml]
    arg [-Bdynamic] ==> ignore
    arg [-lc] ==> lib [c]
    arg [-lgcc] ==> lib [gcc]
    arg [-lgcc_s] ==> lib [gcc_s]
    arg [-Bstatic] ==> ignore
    arg [-lirc_s] ==> lib [irc_s]
    arg [-Bdynamic] ==> ignore
    arg [-ldl] ==> lib [dl]
    arg [-lc] ==> lib [c]
    arg [/usr/lib/gcc/x86_64-linux-gnu/8/crtendS.o] ==> ignore
    arg [/usr/lib/gcc/x86_64-linux-gnu/8/../../../x86_64-linux-gnu/crtn.o] ==> ignore
    arg [--no-as-needed] ==> ignore
  collapse library dir [/opt/intel/compilers_and_libraries_2019.1.144/linux/tbb/lib/intel64/gcc4.7] ==> [/opt/intel/compilers_and_libraries_2019.1.144/linux/tbb/lib/intel64/gcc4.7]
  collapse library dir [/opt/intel/compilers_and_libraries_2019.1.144/linux/compiler/lib/intel64_lin] ==> [/opt/intel/compilers_and_libraries_2019.1.144/linux/compiler/lib/intel64_lin]
  collapse library dir [/usr/lib/gcc/x86_64-linux-gnu/8/] ==> [/usr/lib/gcc/x86_64-linux-gnu/8]
  collapse library dir [/usr/lib/gcc/x86_64-linux-gnu/8/../../../x86_64-linux-gnu/] ==> [/usr/lib/x86_64-linux-gnu]
  collapse library dir [/usr/lib/gcc/x86_64-linux-gnu/8/../../../../lib/] ==> [/usr/lib]
  collapse library dir [/lib/x86_64-linux-gnu/] ==> [/lib/x86_64-linux-gnu]
  collapse library dir [/lib/../lib64] ==> [/lib64]
  collapse library dir [/lib/../lib/] ==> [/lib]
  collapse library dir [/usr/lib/x86_64-linux-gnu/] ==> [/usr/lib/x86_64-linux-gnu]
  collapse library dir [/usr/lib/../lib/] ==> [/usr/lib]
  collapse library dir [/opt/intel/compilers_and_libraries_2019.1.144/linux/tbb/lib/intel64/gcc4.7/] ==> [/opt/intel/compilers_and_libraries_2019.1.144/linux/tbb/lib/intel64/gcc4.7]
  collapse library dir [/usr/lib/gcc/x86_64-linux-gnu/8/../../../] ==> [/usr/lib]
  collapse library dir [/lib64] ==> [/lib64]
  collapse library dir [/lib/] ==> [/lib]
  collapse library dir [/usr/lib] ==> [/usr/lib]
  implicit libs: [imf;svml;irng;matmul;m;ipgo;decimal;iomp5;gcc;gcc_s;irc;pthread;svml;c;gcc;gcc_s;irc_s;dl;c]
  implicit dirs: [/opt/intel/compilers_and_libraries_2019.1.144/linux/tbb/lib/intel64/gcc4.7;/opt/intel/compilers_and_libraries_2019.1.144/linux/compiler/lib/intel64_lin;/usr/lib/gcc/x86_64-linux-gnu/8;/usr/lib/x86_64-linux-gnu;/usr/lib;/lib/x86_64-linux-gnu;/lib64;/lib]
  implicit fwks: []




Detecting C [-std=c11] compiler features compiled with the following output:
Change Dir: /dev/shm/myhtml/myhtml/obj-x86_64-linux-gnu/CMakeFiles/CMakeTmp

Run Build Command:"/usr/bin/make" "cmTC_589aa/fast"
make[2]: Entering directory '/dev/shm/myhtml/myhtml/obj-x86_64-linux-gnu/CMakeFiles/CMakeTmp'
/usr/bin/make -f CMakeFiles/cmTC_589aa.dir/build.make CMakeFiles/cmTC_589aa.dir/build
make[3]: Entering directory '/dev/shm/myhtml/myhtml/obj-x86_64-linux-gnu/CMakeFiles/CMakeTmp'
/usr/bin/cmake: /lib/x86_64-linux-gnu/libz.so.1: no version information available (required by /usr/bin/cmake)
/usr/bin/cmake: /lib/x86_64-linux-gnu/libz.so.1: no version information available (required by /usr/lib/x86_64-linux-gnu/libxml2.so.2)
/usr/bin/cmake: /lib/x86_64-linux-gnu/libz.so.1: no version information available (required by /usr/lib/x86_64-linux-gnu/libxml2.so.2)
Building C object CMakeFiles/cmTC_589aa.dir/feature_tests.c.o
/usr/local/bin/icc.pl   -g -O2 -fdebug-prefix-map=/dev/shm/myhtml/myhtml=. -Wformat -march=native -pipe -Wformat-security -Wdate-time -D_FORTIFY_SOURCE=2    -std=c11 -o CMakeFiles/cmTC_589aa.dir/feature_tests.c.o   -c /dev/shm/myhtml/myhtml/obj-x86_64-linux-gnu/CMakeFiles/feature_tests.c
/usr/bin/cmake: /lib/x86_64-linux-gnu/libz.so.1: no version information available (required by /usr/bin/cmake)
/usr/bin/cmake: /lib/x86_64-linux-gnu/libz.so.1: no version information available (required by /usr/lib/x86_64-linux-gnu/libxml2.so.2)
/usr/bin/cmake: /lib/x86_64-linux-gnu/libz.so.1: no version information available (required by /usr/lib/x86_64-linux-gnu/libxml2.so.2)
Linking C executable cmTC_589aa
/usr/bin/cmake -E cmake_link_script CMakeFiles/cmTC_589aa.dir/link.txt --verbose=1
/usr/bin/cmake: /lib/x86_64-linux-gnu/libz.so.1: no version information available (required by /usr/bin/cmake)
/usr/bin/cmake: /lib/x86_64-linux-gnu/libz.so.1: no version information available (required by /usr/lib/x86_64-linux-gnu/libxml2.so.2)
/usr/bin/cmake: /lib/x86_64-linux-gnu/libz.so.1: no version information available (required by /usr/lib/x86_64-linux-gnu/libxml2.so.2)
/usr/local/bin/icc.pl -g -O2 -fdebug-prefix-map=/dev/shm/myhtml/myhtml=. -Wformat -march=native -pipe -Wformat-security -Wdate-time -D_FORTIFY_SOURCE=2     -rdynamic CMakeFiles/cmTC_589aa.dir/feature_tests.c.o  -o cmTC_589aa 
x86_64-linux-gnu-ld: /lib/x86_64-linux-gnu/libz.so.1: no version information available (required by /usr/lib/x86_64-linux-gnu/libbfd-2.31.1-system.so)
make[3]: Leaving directory '/dev/shm/myhtml/myhtml/obj-x86_64-linux-gnu/CMakeFiles/CMakeTmp'
make[2]: Leaving directory '/dev/shm/myhtml/myhtml/obj-x86_64-linux-gnu/CMakeFiles/CMakeTmp'


    Feature record: C_FEATURE:1c_function_prototypes
    Feature record: C_FEATURE:1c_restrict
    Feature record: C_FEATURE:1c_static_assert
    Feature record: C_FEATURE:1c_variadic_macros


Detecting C [-std=c99] compiler features compiled with the following output:
Change Dir: /dev/shm/myhtml/myhtml/obj-x86_64-linux-gnu/CMakeFiles/CMakeTmp

Run Build Command:"/usr/bin/make" "cmTC_1d0dd/fast"
make[2]: Entering directory '/dev/shm/myhtml/myhtml/obj-x86_64-linux-gnu/CMakeFiles/CMakeTmp'
/usr/bin/make -f CMakeFiles/cmTC_1d0dd.dir/build.make CMakeFiles/cmTC_1d0dd.dir/build
make[3]: Entering directory '/dev/shm/myhtml/myhtml/obj-x86_64-linux-gnu/CMakeFiles/CMakeTmp'
/usr/bin/cmake: /lib/x86_64-linux-gnu/libz.so.1: no version information available (required by /usr/bin/cmake)
/usr/bin/cmake: /lib/x86_64-linux-gnu/libz.so.1: no version information available (required by /usr/lib/x86_64-linux-gnu/libxml2.so.2)
/usr/bin/cmake: /lib/x86_64-linux-gnu/libz.so.1: no version information available (required by /usr/lib/x86_64-linux-gnu/libxml2.so.2)
Building C object CMakeFiles/cmTC_1d0dd.dir/feature_tests.c.o
/usr/local/bin/icc.pl   -g -O2 -fdebug-prefix-map=/dev/shm/myhtml/myhtml=. -Wformat -march=native -pipe -Wformat-security -Wdate-time -D_FORTIFY_SOURCE=2    -std=c99 -o CMakeFiles/cmTC_1d0dd.dir/feature_tests.c.o   -c /dev/shm/myhtml/myhtml/obj-x86_64-linux-gnu/CMakeFiles/feature_tests.c
/usr/bin/cmake: /lib/x86_64-linux-gnu/libz.so.1: no version information available (required by /usr/bin/cmake)
/usr/bin/cmake: /lib/x86_64-linux-gnu/libz.so.1: no version information available (required by /usr/lib/x86_64-linux-gnu/libxml2.so.2)
/usr/bin/cmake: /lib/x86_64-linux-gnu/libz.so.1: no version information available (required by /usr/lib/x86_64-linux-gnu/libxml2.so.2)
Linking C executable cmTC_1d0dd
/usr/bin/cmake -E cmake_link_script CMakeFiles/cmTC_1d0dd.dir/link.txt --verbose=1
/usr/bin/cmake: /lib/x86_64-linux-gnu/libz.so.1: no version information available (required by /usr/bin/cmake)
/usr/bin/cmake: /lib/x86_64-linux-gnu/libz.so.1: no version information available (required by /usr/lib/x86_64-linux-gnu/libxml2.so.2)
/usr/bin/cmake: /lib/x86_64-linux-gnu/libz.so.1: no version information available (required by /usr/lib/x86_64-linux-gnu/libxml2.so.2)
/usr/local/bin/icc.pl -g -O2 -fdebug-prefix-map=/dev/shm/myhtml/myhtml=. -Wformat -march=native -pipe -Wformat-security -Wdate-time -D_FORTIFY_SOURCE=2     -rdynamic CMakeFiles/cmTC_1d0dd.dir/feature_tests.c.o  -o cmTC_1d0dd 
x86_64-linux-gnu-ld: /lib/x86_64-linux-gnu/libz.so.1: no version information available (required by /usr/lib/x86_64-linux-gnu/libbfd-2.31.1-system.so)
make[3]: Leaving directory '/dev/shm/myhtml/myhtml/obj-x86_64-linux-gnu/CMakeFiles/CMakeTmp'
make[2]: Leaving directory '/dev/shm/myhtml/myhtml/obj-x86_64-linux-gnu/CMakeFiles/CMakeTmp'


    Feature record: C_FEATURE:1c_function_prototypes
    Feature record: C_FEATURE:1c_restrict
    Feature record: C_FEATURE:1c_static_assert
    Feature record: C_FEATURE:1c_variadic_macros


Detecting C [-std=c89] compiler features compiled with the following output:
Change Dir: /dev/shm/myhtml/myhtml/obj-x86_64-linux-gnu/CMakeFiles/CMakeTmp

Run Build Command:"/usr/bin/make" "cmTC_3b6e6/fast"
make[2]: Entering directory '/dev/shm/myhtml/myhtml/obj-x86_64-linux-gnu/CMakeFiles/CMakeTmp'
/usr/bin/make -f CMakeFiles/cmTC_3b6e6.dir/build.make CMakeFiles/cmTC_3b6e6.dir/build
make[3]: Entering directory '/dev/shm/myhtml/myhtml/obj-x86_64-linux-gnu/CMakeFiles/CMakeTmp'
/usr/bin/cmake: /lib/x86_64-linux-gnu/libz.so.1: no version information available (required by /usr/bin/cmake)
/usr/bin/cmake: /lib/x86_64-linux-gnu/libz.so.1: no version information available (required by /usr/lib/x86_64-linux-gnu/libxml2.so.2)
/usr/bin/cmake: /lib/x86_64-linux-gnu/libz.so.1: no version information available (required by /usr/lib/x86_64-linux-gnu/libxml2.so.2)
Building C object CMakeFiles/cmTC_3b6e6.dir/feature_tests.c.o
/usr/local/bin/icc.pl   -g -O2 -fdebug-prefix-map=/dev/shm/myhtml/myhtml=. -Wformat -march=native -pipe -Wformat-security -Wdate-time -D_FORTIFY_SOURCE=2    -std=c89 -o CMakeFiles/cmTC_3b6e6.dir/feature_tests.c.o   -c /dev/shm/myhtml/myhtml/obj-x86_64-linux-gnu/CMakeFiles/feature_tests.c
/usr/bin/cmake: /lib/x86_64-linux-gnu/libz.so.1: no version information available (required by /usr/bin/cmake)
/usr/bin/cmake: /lib/x86_64-linux-gnu/libz.so.1: no version information available (required by /usr/lib/x86_64-linux-gnu/libxml2.so.2)
/usr/bin/cmake: /lib/x86_64-linux-gnu/libz.so.1: no version information available (required by /usr/lib/x86_64-linux-gnu/libxml2.so.2)
Linking C executable cmTC_3b6e6
/usr/bin/cmake -E cmake_link_script CMakeFiles/cmTC_3b6e6.dir/link.txt --verbose=1
/usr/bin/cmake: /lib/x86_64-linux-gnu/libz.so.1: no version information available (required by /usr/bin/cmake)
/usr/bin/cmake: /lib/x86_64-linux-gnu/libz.so.1: no version information available (required by /usr/lib/x86_64-linux-gnu/libxml2.so.2)
/usr/bin/cmake: /lib/x86_64-linux-gnu/libz.so.1: no version information available (required by /usr/lib/x86_64-linux-gnu/libxml2.so.2)
/usr/local/bin/icc.pl -g -O2 -fdebug-prefix-map=/dev/shm/myhtml/myhtml=. -Wformat -march=native -pipe -Wformat-security -Wdate-time -D_FORTIFY_SOURCE=2     -rdynamic CMakeFiles/cmTC_3b6e6.dir/feature_tests.c.o  -o cmTC_3b6e6 
x86_64-linux-gnu-ld: /lib/x86_64-linux-gnu/libz.so.1: no version information available (required by /usr/lib/x86_64-linux-gnu/libbfd-2.31.1-system.so)
make[3]: Leaving directory '/dev/shm/myhtml/myhtml/obj-x86_64-linux-gnu/CMakeFiles/CMakeTmp'
make[2]: Leaving directory '/dev/shm/myhtml/myhtml/obj-x86_64-linux-gnu/CMakeFiles/CMakeTmp'


    Feature record: C_FEATURE:1c_function_prototypes
    Feature record: C_FEATURE:0c_restrict
    Feature record: C_FEATURE:0c_static_assert
    Feature record: C_FEATURE:0c_variadic_macros
Determining if the CXX compiler works passed with the following output:
Change Dir: /dev/shm/myhtml/myhtml/obj-x86_64-linux-gnu/CMakeFiles/CMakeTmp

Run Build Command:"/usr/bin/make" "cmTC_9b2d8/fast"
make[2]: Entering directory '/dev/shm/myhtml/myhtml/obj-x86_64-linux-gnu/CMakeFiles/CMakeTmp'
/usr/bin/make -f CMakeFiles/cmTC_9b2d8.dir/build.make CMakeFiles/cmTC_9b2d8.dir/build
make[3]: Entering directory '/dev/shm/myhtml/myhtml/obj-x86_64-linux-gnu/CMakeFiles/CMakeTmp'
/usr/bin/cmake: /lib/x86_64-linux-gnu/libz.so.1: no version information available (required by /usr/bin/cmake)
/usr/bin/cmake: /lib/x86_64-linux-gnu/libz.so.1: no version information available (required by /usr/lib/x86_64-linux-gnu/libxml2.so.2)
/usr/bin/cmake: /lib/x86_64-linux-gnu/libz.so.1: no version information available (required by /usr/lib/x86_64-linux-gnu/libxml2.so.2)
Building CXX object CMakeFiles/cmTC_9b2d8.dir/testCXXCompiler.cxx.o
/usr/local/bin/icpc.pl    -g -O2 -fdebug-prefix-map=/dev/shm/myhtml/myhtml=. -Wformat -march=native -pipe -Wformat-security -Wdate-time -D_FORTIFY_SOURCE=2    -o CMakeFiles/cmTC_9b2d8.dir/testCXXCompiler.cxx.o -c /dev/shm/myhtml/myhtml/obj-x86_64-linux-gnu/CMakeFiles/CMakeTmp/testCXXCompiler.cxx
/usr/bin/cmake: /lib/x86_64-linux-gnu/libz.so.1: no version information available (required by /usr/bin/cmake)
/usr/bin/cmake: /lib/x86_64-linux-gnu/libz.so.1: no version information available (required by /usr/lib/x86_64-linux-gnu/libxml2.so.2)
/usr/bin/cmake: /lib/x86_64-linux-gnu/libz.so.1: no version information available (required by /usr/lib/x86_64-linux-gnu/libxml2.so.2)
Linking CXX executable cmTC_9b2d8
/usr/bin/cmake -E cmake_link_script CMakeFiles/cmTC_9b2d8.dir/link.txt --verbose=1
/usr/bin/cmake: /lib/x86_64-linux-gnu/libz.so.1: no version information available (required by /usr/bin/cmake)
/usr/bin/cmake: /lib/x86_64-linux-gnu/libz.so.1: no version information available (required by /usr/lib/x86_64-linux-gnu/libxml2.so.2)
/usr/bin/cmake: /lib/x86_64-linux-gnu/libz.so.1: no version information available (required by /usr/lib/x86_64-linux-gnu/libxml2.so.2)
/usr/local/bin/icpc.pl  -g -O2 -fdebug-prefix-map=/dev/shm/myhtml/myhtml=. -Wformat -march=native -pipe -Wformat-security -Wdate-time -D_FORTIFY_SOURCE=2     -rdynamic CMakeFiles/cmTC_9b2d8.dir/testCXXCompiler.cxx.o  -o cmTC_9b2d8 
x86_64-linux-gnu-ld: /lib/x86_64-linux-gnu/libz.so.1: no version information available (required by /usr/lib/x86_64-linux-gnu/libbfd-2.31.1-system.so)
make[3]: Leaving directory '/dev/shm/myhtml/myhtml/obj-x86_64-linux-gnu/CMakeFiles/CMakeTmp'
make[2]: Leaving directory '/dev/shm/myhtml/myhtml/obj-x86_64-linux-gnu/CMakeFiles/CMakeTmp'


Detecting CXX compiler ABI info compiled with the following output:
Change Dir: /dev/shm/myhtml/myhtml/obj-x86_64-linux-gnu/CMakeFiles/CMakeTmp

Run Build Command:"/usr/bin/make" "cmTC_e7996/fast"
make[2]: Entering directory '/dev/shm/myhtml/myhtml/obj-x86_64-linux-gnu/CMakeFiles/CMakeTmp'
/usr/bin/make -f CMakeFiles/cmTC_e7996.dir/build.make CMakeFiles/cmTC_e7996.dir/build
make[3]: Entering directory '/dev/shm/myhtml/myhtml/obj-x86_64-linux-gnu/CMakeFiles/CMakeTmp'
/usr/bin/cmake: /lib/x86_64-linux-gnu/libz.so.1: no version information available (required by /usr/bin/cmake)
/usr/bin/cmake: /lib/x86_64-linux-gnu/libz.so.1: no version information available (required by /usr/lib/x86_64-linux-gnu/libxml2.so.2)
/usr/bin/cmake: /lib/x86_64-linux-gnu/libz.so.1: no version information available (required by /usr/lib/x86_64-linux-gnu/libxml2.so.2)
Building CXX object CMakeFiles/cmTC_e7996.dir/CMakeCXXCompilerABI.cpp.o
/usr/local/bin/icpc.pl    -g -O2 -fdebug-prefix-map=/dev/shm/myhtml/myhtml=. -Wformat -march=native -pipe -Wformat-security -Wdate-time -D_FORTIFY_SOURCE=2    -o CMakeFiles/cmTC_e7996.dir/CMakeCXXCompilerABI.cpp.o -c /usr/share/cmake-3.13/Modules/CMakeCXXCompilerABI.cpp
/usr/bin/cmake: /lib/x86_64-linux-gnu/libz.so.1: no version information available (required by /usr/bin/cmake)
/usr/bin/cmake: /lib/x86_64-linux-gnu/libz.so.1: no version information available (required by /usr/lib/x86_64-linux-gnu/libxml2.so.2)
/usr/bin/cmake: /lib/x86_64-linux-gnu/libz.so.1: no version information available (required by /usr/lib/x86_64-linux-gnu/libxml2.so.2)
Linking CXX executable cmTC_e7996
/usr/bin/cmake -E cmake_link_script CMakeFiles/cmTC_e7996.dir/link.txt --verbose=1
/usr/bin/cmake: /lib/x86_64-linux-gnu/libz.so.1: no version information available (required by /usr/bin/cmake)
/usr/bin/cmake: /lib/x86_64-linux-gnu/libz.so.1: no version information available (required by /usr/lib/x86_64-linux-gnu/libxml2.so.2)
/usr/bin/cmake: /lib/x86_64-linux-gnu/libz.so.1: no version information available (required by /usr/lib/x86_64-linux-gnu/libxml2.so.2)
/usr/local/bin/icpc.pl  -g -O2 -fdebug-prefix-map=/dev/shm/myhtml/myhtml=. -Wformat -march=native -pipe -Wformat-security -Wdate-time -D_FORTIFY_SOURCE=2    -v -rdynamic CMakeFiles/cmTC_e7996.dir/CMakeCXXCompilerABI.cpp.o  -o cmTC_e7996 
__INTEL_PRE_CFLAGS options:  
-diag-disable=10013,10385,10237,10346

__INTEL_POST_CFLAGS options:  
-Wl,--relax,--gc-sections,-O,2
-pipe

icpc version 19.0.1.144 (gcc version 8.2.0 compatibility)
/opt/intel/compilers_and_libraries_2019.1.144/linux/bin/intel64/mcpcom    -mGLOB_em64t=TRUE -mP1OPT_version=19.0-intel64 -mGLOB_diag_enable_disable=D:10013,D:10385,D:10237,D:10346 -mGLOB_diag_file=CMakeFiles/cmTC_e7996.dir/CMakeCXXCompilerABI.cpp.diag -mGLOB_long_size_64 -mGLOB_routine_pointer_size_64 -mP1OPT_print_version=FALSE -mCG_use_gas_got_workaround=F -mP2OPT_align_option_used=TRUE -mGLOB_gcc_version=820 "-mGLOB_options_string=-diag-disable=10013,10385,10237,10346 -O3 -fabi-version=13 -falign-functions -falign-loops -fbuiltin -fdata-sections -ffunction-sections -ffat-lto-objects -fpermissive -gcc-name=gcc-8 -gnu-prefix=x86_64-linux-gnu- -gxx-name=g++-8 -inline-level=2 -inline-min-caller-growth=0 -ipo -march=native -par-schedule-auto -parallel -qoverride-limits -qopt-matmul -qopt-mem-layout-trans -qopt-multi-version-aggressive -qopt-prefetch -static-intel -no-inline-max-per-routine -no-inline-max-per-compile -no-inline-max-size -inline-max-total-size=19999 -Wl,--as-needed -g -Wformat -Wformat-security -D_FORTIFY_SOURCE=2 -v -rdynamic -ocmTC_e7996 -Wl,--relax,--gc-sections,-O,2 -pipe" -mGLOB_cxx_limited_range=FALSE -mCG_extend_parms=FALSE -mGLOB_compiler_bin_directory=/opt/intel/compilers_and_libraries_2019.1.144/linux/bin/intel64 -mP3OPT_emit_line_numbers -mGLOB_debug_target=GLOB_DEBUG_TARGET_ALL -mDEBUG_info_level=2 -mDEBUG_use_indirect_strings=TRUE -mIPOPT_ninl_debug_info=TRUE -mDEBUG_emit_dwarf_inline_info=TRUE -mDEBUG_debug_ranges=TRUE -mGLOB_debug_format=GLOB_DEBUG_FORMAT_DWARF40 -mGLOB_as_output_backup_file_name=/tmp/intel/icpcsfXiqnas_.s -mGLOB_dashboard_use_source_name -mIPOPT_activate -mGLOB_product_id_code=0x22006d90 -mGLOB_nonstandard_lib=FALSE -mGLOB_extended_instructions=0x400 -mGLOB_cpu_march=native -mP2OPT_package_functions -mP2OPT_package_data -mP3OPT_use_mspp_call_convention -mP2OPT_subs_out_of_bound=FALSE -mP2OPT_disam_type_based_disam=2 -mP2OPT_disam_assume_ansi_c -mP2OPT_checked_disam_ansi_alias=TRUE -mGLOB_ansi_alias -mIPOPT_ninl_tiny_size=0 -mIPOPT_ninl_max_stats=-1 -mIPOPT_ninl_max_total_stats=19999 -mIPOPT_ninl_max_routine_count=-1 -mIPOPT_ninl_max_compile_count=-1 -mIPOPT_mem_layout_trans=2 -mIPOPT_ninl_user_level=2 -mPGOPTI_value_profile_use=T -mGLOB_opt_report_use_source_name -mGLOB_default_function_attrs=function_alignment=16;function_loops_alignment=16 -mGLOB_override_limits=TRUE -mP2OPT_hpo_aggressive_multiver -mP2OPT_hlo_matmul -mP2OPT_il0_array_sections=TRUE -mGLOB_offload_mode=1 -mP2OPT_offload_unique_var_string=icpc04316091954JioOw -mGLOB_opt_level=3 -mP2OPT_hlo_level=3 -mP2OPT_hlo -mPAROPT_concurrentize=TRUE -mP2OPT_hpo_threadizer=TRUE -mP2OPT_hpo_rtt_control=0 -mP2OPT_hpo_schedule=38 -mP2OPT_hpo_chunk=1 -mIPOPT_args_in_regs=0 -mP2OPT_disam_assume_nonstd_intent_in=FALSE -mGLOB_imf_mapping_library=/opt/intel/compilers_and_libraries_2019.1.144/linux/bin/intel64/libiml_attr.so -mP2OPT_hlo_embed_loopinfo -mPGOPTI_gen_threadsafe_level=0 -mPGOPTI_func_group=FALSE -mIPOPT_link -mIPOPT_ipo_activate -mIPOPT_mo_activate -mIPOPT_source_files_list=/tmp/intel/icpcslismRVMTW -mIPOPT_mo_global_data -mIPOPT_link_script_file=/tmp/intel/icpcscriptvzD299 "-mIPOPT_cmdline_link="/usr/lib/gcc/x86_64-linux-gnu/8/../../../x86_64-linux-gnu/Scrt1.o" "/usr/lib/gcc/x86_64-linux-gnu/8/../../../x86_64-linux-gnu/crti.o" "/usr/lib/gcc/x86_64-linux-gnu/8/crtbeginS.o" "-export-dynamic" "--eh-frame-hdr" "--build-id" "-dynamic-linker" "/lib64/ld-linux-x86-64.so.2" "-m" "elf_x86_64" "-o" "cmTC_e7996" "-L/opt/intel/compilers_and_libraries_2019.1.144/linux/tbb/lib/intel64/gcc4.7" "-L/opt/intel/compilers_and_libraries_2019.1.144/linux/compiler/lib/intel64_lin" "-L/usr/lib/gcc/x86_64-linux-gnu/8/" "-L/usr/lib/gcc/x86_64-linux-gnu/8/../../../x86_64-linux-gnu/" "-L/usr/lib/gcc/x86_64-linux-gnu/8/../../../../lib/" "-L/lib/x86_64-linux-gnu/" "-L/lib/../lib64" "-L/lib/../lib/" "-L/usr/lib/x86_64-linux-gnu/" "-L/usr/lib/../lib/" "-L./" "-L/opt/intel/compilers_and_libraries_2019.1.144/linux/tbb/lib/intel64/gcc4.7/" "-L/usr/lib/gcc/x86_64-linux-gnu/8/../../../" "-L/lib64" "-L/lib/" "-L/usr/lib" "--as-needed" "CMakeFiles/cmTC_e7996.dir/CMakeCXXCompilerABI.cpp.o" "--relax" "--gc-sections" "-O" "2" "-Bdynamic" "-Bstatic" "-limf" "-lsvml" "-lirng" "-lmatmul" "-Bdynamic" "-lstdc++" "-lm" "-Bstatic" "-lipgo" "-ldecimal" "-Bdynamic" "-liomp5" "-lstdc++" "-lgcc" "-lgcc_s" "-Bstatic" "-lirc" "-Bdynamic" "-lpthread" "-Bstatic" "-lsvml" "-Bdynamic" "-lc" "-lgcc" "-lgcc_s" "-Bstatic" "-lirc_s" "-Bdynamic" "-ldl" "-lc" "/usr/lib/gcc/x86_64-linux-gnu/8/crtendS.o" "/usr/lib/gcc/x86_64-linux-gnu/8/../../../x86_64-linux-gnu/crtn.o"" -mIPOPT_il_in_obj -mIPOPT_obj_output_file_name=/tmp/intel/ipo_icpckR0kkF.o -mIPOPT_whole_archive_fixup_file_name=/tmp/intel/icpcwarchULxxxe -mGLOB_linker=x86_64-linux-gnu-ld -mGLOB_driver_tempfile_name=/tmp/intel/icpctempfileRYOgsS -mP3OPT_asm_target=P3OPT_ASM_TARGET_GAS -mGLOB_async_unwind_tables=TRUE -mGLOB_obj_output_file=/tmp/intel/ipo_icpckR0kkF.o -mGLOB_source_dialect=GLOB_SOURCE_DIALECT_NONE -mP1OPT_source_file_name=ipo_out.c CMakeFiles/cmTC_e7996.dir/CMakeCXXCompilerABI.cpp.o -mIPOPT_object_files=T -mIPOPT_assembly_files=/tmp/intel/icpcalisEsTNQ5 -mIPOPT_generated_tempfiles=/tmp/intel/icpcelishkM26i -mIPOPT_embedded_object_base_name=/tmp/intel/icpceobj0c0hnw -mIPOPT_cmdline_link_new_name=/tmp/intel/icpcllisBlixDJ
x86_64-linux-gnu-ld    -export-dynamic --eh-frame-hdr --build-id -dynamic-linker /lib64/ld-linux-x86-64.so.2 -m elf_x86_64 -o cmTC_e7996 -L/opt/intel/compilers_and_libraries_2019.1.144/linux/tbb/lib/intel64/gcc4.7 -L/opt/intel/compilers_and_libraries_2019.1.144/linux/compiler/lib/intel64_lin -L/usr/lib/gcc/x86_64-linux-gnu/8/ -L/usr/lib/gcc/x86_64-linux-gnu/8/../../../x86_64-linux-gnu/ -L/usr/lib/gcc/x86_64-linux-gnu/8/../../../../lib/ -L/lib/x86_64-linux-gnu/ -L/lib/../lib64 -L/lib/../lib/ -L/usr/lib/x86_64-linux-gnu/ -L/usr/lib/../lib/ -L./ -L/opt/intel/compilers_and_libraries_2019.1.144/linux/tbb/lib/intel64/gcc4.7/ -L/usr/lib/gcc/x86_64-linux-gnu/8/../../../ -L/lib64 -L/lib/ -L/usr/lib --relax --gc-sections -O 2 /usr/lib/gcc/x86_64-linux-gnu/8/../../../x86_64-linux-gnu/Scrt1.o /usr/lib/gcc/x86_64-linux-gnu/8/../../../x86_64-linux-gnu/crti.o /usr/lib/gcc/x86_64-linux-gnu/8/crtbeginS.o /tmp/intel/ipo_icpckR0kkF.o --as-needed -Bstatic -limf -lsvml -lirng -lmatmul -Bdynamic -lstdc++ -lm -Bstatic -lipgo -ldecimal -Bdynamic -liomp5 -lstdc++ -lgcc -lgcc_s -Bstatic -lirc -Bdynamic -lpthread -Bstatic -lsvml -Bdynamic -lc -lgcc -lgcc_s -Bstatic -lirc_s -Bdynamic -ldl -lc /usr/lib/gcc/x86_64-linux-gnu/8/crtendS.o /usr/lib/gcc/x86_64-linux-gnu/8/../../../x86_64-linux-gnu/crtn.o --no-as-needed
x86_64-linux-gnu-ld: /lib/x86_64-linux-gnu/libz.so.1: no version information available (required by /usr/lib/x86_64-linux-gnu/libbfd-2.31.1-system.so)
make[3]: Leaving directory '/dev/shm/myhtml/myhtml/obj-x86_64-linux-gnu/CMakeFiles/CMakeTmp'
make[2]: Leaving directory '/dev/shm/myhtml/myhtml/obj-x86_64-linux-gnu/CMakeFiles/CMakeTmp'


Parsed CXX implicit link information from above output:
  link line regex: [^( *|.*[/\])(xild|CMAKE_LINK_STARTFILE-NOTFOUND|([^/\]+-)?ld|collect2)[^/\]*( |$)]
  ignore line: [Change Dir: /dev/shm/myhtml/myhtml/obj-x86_64-linux-gnu/CMakeFiles/CMakeTmp]
  ignore line: []
  ignore line: [Run Build Command:"/usr/bin/make" "cmTC_e7996/fast"]
  ignore line: [make[2]: Entering directory '/dev/shm/myhtml/myhtml/obj-x86_64-linux-gnu/CMakeFiles/CMakeTmp']
  ignore line: [/usr/bin/make -f CMakeFiles/cmTC_e7996.dir/build.make CMakeFiles/cmTC_e7996.dir/build]
  ignore line: [make[3]: Entering directory '/dev/shm/myhtml/myhtml/obj-x86_64-linux-gnu/CMakeFiles/CMakeTmp']
  ignore line: [/usr/bin/cmake: /lib/x86_64-linux-gnu/libz.so.1: no version information available (required by /usr/bin/cmake)]
  ignore line: [/usr/bin/cmake: /lib/x86_64-linux-gnu/libz.so.1: no version information available (required by /usr/lib/x86_64-linux-gnu/libxml2.so.2)]
  ignore line: [/usr/bin/cmake: /lib/x86_64-linux-gnu/libz.so.1: no version information available (required by /usr/lib/x86_64-linux-gnu/libxml2.so.2)]
  ignore line: [Building CXX object CMakeFiles/cmTC_e7996.dir/CMakeCXXCompilerABI.cpp.o]
  ignore line: [/usr/local/bin/icpc.pl    -g -O2 -fdebug-prefix-map=/dev/shm/myhtml/myhtml=. -Wformat -march=native -pipe -Wformat-security -Wdate-time -D_FORTIFY_SOURCE=2    -o CMakeFiles/cmTC_e7996.dir/CMakeCXXCompilerABI.cpp.o -c /usr/share/cmake-3.13/Modules/CMakeCXXCompilerABI.cpp]
  ignore line: [/usr/bin/cmake: /lib/x86_64-linux-gnu/libz.so.1: no version information available (required by /usr/bin/cmake)]
  ignore line: [/usr/bin/cmake: /lib/x86_64-linux-gnu/libz.so.1: no version information available (required by /usr/lib/x86_64-linux-gnu/libxml2.so.2)]
  ignore line: [/usr/bin/cmake: /lib/x86_64-linux-gnu/libz.so.1: no version information available (required by /usr/lib/x86_64-linux-gnu/libxml2.so.2)]
  ignore line: [Linking CXX executable cmTC_e7996]
  ignore line: [/usr/bin/cmake -E cmake_link_script CMakeFiles/cmTC_e7996.dir/link.txt --verbose=1]
  ignore line: [/usr/bin/cmake: /lib/x86_64-linux-gnu/libz.so.1: no version information available (required by /usr/bin/cmake)]
  ignore line: [/usr/bin/cmake: /lib/x86_64-linux-gnu/libz.so.1: no version information available (required by /usr/lib/x86_64-linux-gnu/libxml2.so.2)]
  ignore line: [/usr/bin/cmake: /lib/x86_64-linux-gnu/libz.so.1: no version information available (required by /usr/lib/x86_64-linux-gnu/libxml2.so.2)]
  ignore line: [/usr/local/bin/icpc.pl  -g -O2 -fdebug-prefix-map=/dev/shm/myhtml/myhtml=. -Wformat -march=native -pipe -Wformat-security -Wdate-time -D_FORTIFY_SOURCE=2    -v -rdynamic CMakeFiles/cmTC_e7996.dir/CMakeCXXCompilerABI.cpp.o  -o cmTC_e7996 ]
  ignore line: [__INTEL_PRE_CFLAGS options:  ]
  ignore line: [-diag-disable=10013,10385,10237,10346]
  ignore line: []
  ignore line: [__INTEL_POST_CFLAGS options:  ]
  ignore line: [-Wl,--relax,--gc-sections,-O,2]
  ignore line: [-pipe]
  ignore line: []
  ignore line: [icpc version 19.0.1.144 (gcc version 8.2.0 compatibility)]
  ignore line: [/opt/intel/compilers_and_libraries_2019.1.144/linux/bin/intel64/mcpcom    -mGLOB_em64t=TRUE -mP1OPT_version=19.0-intel64 -mGLOB_diag_enable_disable=D:10013,D:10385,D:10237,D:10346 -mGLOB_diag_file=CMakeFiles/cmTC_e7996.dir/CMakeCXXCompilerABI.cpp.diag -mGLOB_long_size_64 -mGLOB_routine_pointer_size_64 -mP1OPT_print_version=FALSE -mCG_use_gas_got_workaround=F -mP2OPT_align_option_used=TRUE -mGLOB_gcc_version=820 "-mGLOB_options_string=-diag-disable=10013,10385,10237,10346 -O3 -fabi-version=13 -falign-functions -falign-loops -fbuiltin -fdata-sections -ffunction-sections -ffat-lto-objects -fpermissive -gcc-name=gcc-8 -gnu-prefix=x86_64-linux-gnu- -gxx-name=g++-8 -inline-level=2 -inline-min-caller-growth=0 -ipo -march=native -par-schedule-auto -parallel -qoverride-limits -qopt-matmul -qopt-mem-layout-trans -qopt-multi-version-aggressive -qopt-prefetch -static-intel -no-inline-max-per-routine -no-inline-max-per-compile -no-inline-max-size -inline-max-total-size=19999 -Wl,--as-needed -g -Wformat -Wformat-security -D_FORTIFY_SOURCE=2 -v -rdynamic -ocmTC_e7996 -Wl,--relax,--gc-sections,-O,2 -pipe" -mGLOB_cxx_limited_range=FALSE -mCG_extend_parms=FALSE -mGLOB_compiler_bin_directory=/opt/intel/compilers_and_libraries_2019.1.144/linux/bin/intel64 -mP3OPT_emit_line_numbers -mGLOB_debug_target=GLOB_DEBUG_TARGET_ALL -mDEBUG_info_level=2 -mDEBUG_use_indirect_strings=TRUE -mIPOPT_ninl_debug_info=TRUE -mDEBUG_emit_dwarf_inline_info=TRUE -mDEBUG_debug_ranges=TRUE -mGLOB_debug_format=GLOB_DEBUG_FORMAT_DWARF40 -mGLOB_as_output_backup_file_name=/tmp/intel/icpcsfXiqnas_.s -mGLOB_dashboard_use_source_name -mIPOPT_activate -mGLOB_product_id_code=0x22006d90 -mGLOB_nonstandard_lib=FALSE -mGLOB_extended_instructions=0x400 -mGLOB_cpu_march=native -mP2OPT_package_functions -mP2OPT_package_data -mP3OPT_use_mspp_call_convention -mP2OPT_subs_out_of_bound=FALSE -mP2OPT_disam_type_based_disam=2 -mP2OPT_disam_assume_ansi_c -mP2OPT_checked_disam_ansi_alias=TRUE -mGLOB_ansi_alias -mIPOPT_ninl_tiny_size=0 -mIPOPT_ninl_max_stats=-1 -mIPOPT_ninl_max_total_stats=19999 -mIPOPT_ninl_max_routine_count=-1 -mIPOPT_ninl_max_compile_count=-1 -mIPOPT_mem_layout_trans=2 -mIPOPT_ninl_user_level=2 -mPGOPTI_value_profile_use=T -mGLOB_opt_report_use_source_name -mGLOB_default_function_attrs=function_alignment=16]
  ignore line: [function_loops_alignment=16 -mGLOB_override_limits=TRUE -mP2OPT_hpo_aggressive_multiver -mP2OPT_hlo_matmul -mP2OPT_il0_array_sections=TRUE -mGLOB_offload_mode=1 -mP2OPT_offload_unique_var_string=icpc04316091954JioOw -mGLOB_opt_level=3 -mP2OPT_hlo_level=3 -mP2OPT_hlo -mPAROPT_concurrentize=TRUE -mP2OPT_hpo_threadizer=TRUE -mP2OPT_hpo_rtt_control=0 -mP2OPT_hpo_schedule=38 -mP2OPT_hpo_chunk=1 -mIPOPT_args_in_regs=0 -mP2OPT_disam_assume_nonstd_intent_in=FALSE -mGLOB_imf_mapping_library=/opt/intel/compilers_and_libraries_2019.1.144/linux/bin/intel64/libiml_attr.so -mP2OPT_hlo_embed_loopinfo -mPGOPTI_gen_threadsafe_level=0 -mPGOPTI_func_group=FALSE -mIPOPT_link -mIPOPT_ipo_activate -mIPOPT_mo_activate -mIPOPT_source_files_list=/tmp/intel/icpcslismRVMTW -mIPOPT_mo_global_data -mIPOPT_link_script_file=/tmp/intel/icpcscriptvzD299 "-mIPOPT_cmdline_link="/usr/lib/gcc/x86_64-linux-gnu/8/../../../x86_64-linux-gnu/Scrt1.o" "/usr/lib/gcc/x86_64-linux-gnu/8/../../../x86_64-linux-gnu/crti.o" "/usr/lib/gcc/x86_64-linux-gnu/8/crtbeginS.o" "-export-dynamic" "--eh-frame-hdr" "--build-id" "-dynamic-linker" "/lib64/ld-linux-x86-64.so.2" "-m" "elf_x86_64" "-o" "cmTC_e7996" "-L/opt/intel/compilers_and_libraries_2019.1.144/linux/tbb/lib/intel64/gcc4.7" "-L/opt/intel/compilers_and_libraries_2019.1.144/linux/compiler/lib/intel64_lin" "-L/usr/lib/gcc/x86_64-linux-gnu/8/" "-L/usr/lib/gcc/x86_64-linux-gnu/8/../../../x86_64-linux-gnu/" "-L/usr/lib/gcc/x86_64-linux-gnu/8/../../../../lib/" "-L/lib/x86_64-linux-gnu/" "-L/lib/../lib64" "-L/lib/../lib/" "-L/usr/lib/x86_64-linux-gnu/" "-L/usr/lib/../lib/" "-L./" "-L/opt/intel/compilers_and_libraries_2019.1.144/linux/tbb/lib/intel64/gcc4.7/" "-L/usr/lib/gcc/x86_64-linux-gnu/8/../../../" "-L/lib64" "-L/lib/" "-L/usr/lib" "--as-needed" "CMakeFiles/cmTC_e7996.dir/CMakeCXXCompilerABI.cpp.o" "--relax" "--gc-sections" "-O" "2" "-Bdynamic" "-Bstatic" "-limf" "-lsvml" "-lirng" "-lmatmul" "-Bdynamic" "-lstdc++" "-lm" "-Bstatic" "-lipgo" "-ldecimal" "-Bdynamic" "-liomp5" "-lstdc++" "-lgcc" "-lgcc_s" "-Bstatic" "-lirc" "-Bdynamic" "-lpthread" "-Bstatic" "-lsvml" "-Bdynamic" "-lc" "-lgcc" "-lgcc_s" "-Bstatic" "-lirc_s" "-Bdynamic" "-ldl" "-lc" "/usr/lib/gcc/x86_64-linux-gnu/8/crtendS.o" "/usr/lib/gcc/x86_64-linux-gnu/8/../../../x86_64-linux-gnu/crtn.o"" -mIPOPT_il_in_obj -mIPOPT_obj_output_file_name=/tmp/intel/ipo_icpckR0kkF.o -mIPOPT_whole_archive_fixup_file_name=/tmp/intel/icpcwarchULxxxe -mGLOB_linker=x86_64-linux-gnu-ld -mGLOB_driver_tempfile_name=/tmp/intel/icpctempfileRYOgsS -mP3OPT_asm_target=P3OPT_ASM_TARGET_GAS -mGLOB_async_unwind_tables=TRUE -mGLOB_obj_output_file=/tmp/intel/ipo_icpckR0kkF.o -mGLOB_source_dialect=GLOB_SOURCE_DIALECT_NONE -mP1OPT_source_file_name=ipo_out.c CMakeFiles/cmTC_e7996.dir/CMakeCXXCompilerABI.cpp.o -mIPOPT_object_files=T -mIPOPT_assembly_files=/tmp/intel/icpcalisEsTNQ5 -mIPOPT_generated_tempfiles=/tmp/intel/icpcelishkM26i -mIPOPT_embedded_object_base_name=/tmp/intel/icpceobj0c0hnw -mIPOPT_cmdline_link_new_name=/tmp/intel/icpcllisBlixDJ]
  link line: [x86_64-linux-gnu-ld    -export-dynamic --eh-frame-hdr --build-id -dynamic-linker /lib64/ld-linux-x86-64.so.2 -m elf_x86_64 -o cmTC_e7996 -L/opt/intel/compilers_and_libraries_2019.1.144/linux/tbb/lib/intel64/gcc4.7 -L/opt/intel/compilers_and_libraries_2019.1.144/linux/compiler/lib/intel64_lin -L/usr/lib/gcc/x86_64-linux-gnu/8/ -L/usr/lib/gcc/x86_64-linux-gnu/8/../../../x86_64-linux-gnu/ -L/usr/lib/gcc/x86_64-linux-gnu/8/../../../../lib/ -L/lib/x86_64-linux-gnu/ -L/lib/../lib64 -L/lib/../lib/ -L/usr/lib/x86_64-linux-gnu/ -L/usr/lib/../lib/ -L./ -L/opt/intel/compilers_and_libraries_2019.1.144/linux/tbb/lib/intel64/gcc4.7/ -L/usr/lib/gcc/x86_64-linux-gnu/8/../../../ -L/lib64 -L/lib/ -L/usr/lib --relax --gc-sections -O 2 /usr/lib/gcc/x86_64-linux-gnu/8/../../../x86_64-linux-gnu/Scrt1.o /usr/lib/gcc/x86_64-linux-gnu/8/../../../x86_64-linux-gnu/crti.o /usr/lib/gcc/x86_64-linux-gnu/8/crtbeginS.o /tmp/intel/ipo_icpckR0kkF.o --as-needed -Bstatic -limf -lsvml -lirng -lmatmul -Bdynamic -lstdc++ -lm -Bstatic -lipgo -ldecimal -Bdynamic -liomp5 -lstdc++ -lgcc -lgcc_s -Bstatic -lirc -Bdynamic -lpthread -Bstatic -lsvml -Bdynamic -lc -lgcc -lgcc_s -Bstatic -lirc_s -Bdynamic -ldl -lc /usr/lib/gcc/x86_64-linux-gnu/8/crtendS.o /usr/lib/gcc/x86_64-linux-gnu/8/../../../x86_64-linux-gnu/crtn.o --no-as-needed]
    arg [x86_64-linux-gnu-ld] ==> ignore
    arg [-export-dynamic] ==> ignore
    arg [--eh-frame-hdr] ==> ignore
    arg [--build-id] ==> ignore
    arg [-dynamic-linker] ==> ignore
    arg [/lib64/ld-linux-x86-64.so.2] ==> ignore
    arg [-m] ==> ignore
    arg [elf_x86_64] ==> ignore
    arg [-o] ==> ignore
    arg [cmTC_e7996] ==> ignore
    arg [-L/opt/intel/compilers_and_libraries_2019.1.144/linux/tbb/lib/intel64/gcc4.7] ==> dir [/opt/intel/compilers_and_libraries_2019.1.144/linux/tbb/lib/intel64/gcc4.7]
    arg [-L/opt/intel/compilers_and_libraries_2019.1.144/linux/compiler/lib/intel64_lin] ==> dir [/opt/intel/compilers_and_libraries_2019.1.144/linux/compiler/lib/intel64_lin]
    arg [-L/usr/lib/gcc/x86_64-linux-gnu/8/] ==> dir [/usr/lib/gcc/x86_64-linux-gnu/8/]
    arg [-L/usr/lib/gcc/x86_64-linux-gnu/8/../../../x86_64-linux-gnu/] ==> dir [/usr/lib/gcc/x86_64-linux-gnu/8/../../../x86_64-linux-gnu/]
    arg [-L/usr/lib/gcc/x86_64-linux-gnu/8/../../../../lib/] ==> dir [/usr/lib/gcc/x86_64-linux-gnu/8/../../../../lib/]
    arg [-L/lib/x86_64-linux-gnu/] ==> dir [/lib/x86_64-linux-gnu/]
    arg [-L/lib/../lib64] ==> dir [/lib/../lib64]
    arg [-L/lib/../lib/] ==> dir [/lib/../lib/]
    arg [-L/usr/lib/x86_64-linux-gnu/] ==> dir [/usr/lib/x86_64-linux-gnu/]
    arg [-L/usr/lib/../lib/] ==> dir [/usr/lib/../lib/]
    arg [-L./] ==> ignore
    arg [-L/opt/intel/compilers_and_libraries_2019.1.144/linux/tbb/lib/intel64/gcc4.7/] ==> dir [/opt/intel/compilers_and_libraries_2019.1.144/linux/tbb/lib/intel64/gcc4.7/]
    arg [-L/usr/lib/gcc/x86_64-linux-gnu/8/../../../] ==> dir [/usr/lib/gcc/x86_64-linux-gnu/8/../../../]
    arg [-L/lib64] ==> dir [/lib64]
    arg [-L/lib/] ==> dir [/lib/]
    arg [-L/usr/lib] ==> dir [/usr/lib]
    arg [--relax] ==> ignore
    arg [--gc-sections] ==> ignore
    arg [-O] ==> ignore
    arg [2] ==> ignore
    arg [/usr/lib/gcc/x86_64-linux-gnu/8/../../../x86_64-linux-gnu/Scrt1.o] ==> ignore
    arg [/usr/lib/gcc/x86_64-linux-gnu/8/../../../x86_64-linux-gnu/crti.o] ==> ignore
    arg [/usr/lib/gcc/x86_64-linux-gnu/8/crtbeginS.o] ==> ignore
    arg [/tmp/intel/ipo_icpckR0kkF.o] ==> ignore
    arg [--as-needed] ==> ignore
    arg [-Bstatic] ==> ignore
    arg [-limf] ==> lib [imf]
    arg [-lsvml] ==> lib [svml]
    arg [-lirng] ==> lib [irng]
    arg [-lmatmul] ==> lib [matmul]
    arg [-Bdynamic] ==> ignore
    arg [-lstdc++] ==> lib [stdc++]
    arg [-lm] ==> lib [m]
    arg [-Bstatic] ==> ignore
    arg [-lipgo] ==> lib [ipgo]
    arg [-ldecimal] ==> lib [decimal]
    arg [-Bdynamic] ==> ignore
    arg [-liomp5] ==> lib [iomp5]
    arg [-lstdc++] ==> lib [stdc++]
    arg [-lgcc] ==> lib [gcc]
    arg [-lgcc_s] ==> lib [gcc_s]
    arg [-Bstatic] ==> ignore
    arg [-lirc] ==> lib [irc]
    arg [-Bdynamic] ==> ignore
    arg [-lpthread] ==> lib [pthread]
    arg [-Bstatic] ==> ignore
    arg [-lsvml] ==> lib [svml]
    arg [-Bdynamic] ==> ignore
    arg [-lc] ==> lib [c]
    arg [-lgcc] ==> lib [gcc]
    arg [-lgcc_s] ==> lib [gcc_s]
    arg [-Bstatic] ==> ignore
    arg [-lirc_s] ==> lib [irc_s]
    arg [-Bdynamic] ==> ignore
    arg [-ldl] ==> lib [dl]
    arg [-lc] ==> lib [c]
    arg [/usr/lib/gcc/x86_64-linux-gnu/8/crtendS.o] ==> ignore
    arg [/usr/lib/gcc/x86_64-linux-gnu/8/../../../x86_64-linux-gnu/crtn.o] ==> ignore
    arg [--no-as-needed] ==> ignore
  collapse library dir [/opt/intel/compilers_and_libraries_2019.1.144/linux/tbb/lib/intel64/gcc4.7] ==> [/opt/intel/compilers_and_libraries_2019.1.144/linux/tbb/lib/intel64/gcc4.7]
  collapse library dir [/opt/intel/compilers_and_libraries_2019.1.144/linux/compiler/lib/intel64_lin] ==> [/opt/intel/compilers_and_libraries_2019.1.144/linux/compiler/lib/intel64_lin]
  collapse library dir [/usr/lib/gcc/x86_64-linux-gnu/8/] ==> [/usr/lib/gcc/x86_64-linux-gnu/8]
  collapse library dir [/usr/lib/gcc/x86_64-linux-gnu/8/../../../x86_64-linux-gnu/] ==> [/usr/lib/x86_64-linux-gnu]
  collapse library dir [/usr/lib/gcc/x86_64-linux-gnu/8/../../../../lib/] ==> [/usr/lib]
  collapse library dir [/lib/x86_64-linux-gnu/] ==> [/lib/x86_64-linux-gnu]
  collapse library dir [/lib/../lib64] ==> [/lib64]
  collapse library dir [/lib/../lib/] ==> [/lib]
  collapse library dir [/usr/lib/x86_64-linux-gnu/] ==> [/usr/lib/x86_64-linux-gnu]
  collapse library dir [/usr/lib/../lib/] ==> [/usr/lib]
  collapse library dir [/opt/intel/compilers_and_libraries_2019.1.144/linux/tbb/lib/intel64/gcc4.7/] ==> [/opt/intel/compilers_and_libraries_2019.1.144/linux/tbb/lib/intel64/gcc4.7]
  collapse library dir [/usr/lib/gcc/x86_64-linux-gnu/8/../../../] ==> [/usr/lib]
  collapse library dir [/lib64] ==> [/lib64]
  collapse library dir [/lib/] ==> [/lib]
  collapse library dir [/usr/lib] ==> [/usr/lib]
  implicit libs: [imf;svml;irng;matmul;stdc++;m;ipgo;decimal;iomp5;stdc++;gcc;gcc_s;irc;pthread;svml;c;gcc;gcc_s;irc_s;dl;c]
  implicit dirs: [/opt/intel/compilers_and_libraries_2019.1.144/linux/tbb/lib/intel64/gcc4.7;/opt/intel/compilers_and_libraries_2019.1.144/linux/compiler/lib/intel64_lin;/usr/lib/gcc/x86_64-linux-gnu/8;/usr/lib/x86_64-linux-gnu;/usr/lib;/lib/x86_64-linux-gnu;/lib64;/lib]
  implicit fwks: []




Detecting CXX [-std=c++17] compiler features compiled with the following output:
Change Dir: /dev/shm/myhtml/myhtml/obj-x86_64-linux-gnu/CMakeFiles/CMakeTmp

Run Build Command:"/usr/bin/make" "cmTC_bc8e4/fast"
make[2]: Entering directory '/dev/shm/myhtml/myhtml/obj-x86_64-linux-gnu/CMakeFiles/CMakeTmp'
/usr/bin/make -f CMakeFiles/cmTC_bc8e4.dir/build.make CMakeFiles/cmTC_bc8e4.dir/build
make[3]: Entering directory '/dev/shm/myhtml/myhtml/obj-x86_64-linux-gnu/CMakeFiles/CMakeTmp'
/usr/bin/cmake: /lib/x86_64-linux-gnu/libz.so.1: no version information available (required by /usr/bin/cmake)
/usr/bin/cmake: /lib/x86_64-linux-gnu/libz.so.1: no version information available (required by /usr/lib/x86_64-linux-gnu/libxml2.so.2)
/usr/bin/cmake: /lib/x86_64-linux-gnu/libz.so.1: no version information available (required by /usr/lib/x86_64-linux-gnu/libxml2.so.2)
Building CXX object CMakeFiles/cmTC_bc8e4.dir/feature_tests.cxx.o
/usr/local/bin/icpc.pl    -g -O2 -fdebug-prefix-map=/dev/shm/myhtml/myhtml=. -Wformat -march=native -pipe -Wformat-security -Wdate-time -D_FORTIFY_SOURCE=2    -std=c++17 -o CMakeFiles/cmTC_bc8e4.dir/feature_tests.cxx.o -c /dev/shm/myhtml/myhtml/obj-x86_64-linux-gnu/CMakeFiles/feature_tests.cxx
/usr/bin/cmake: /lib/x86_64-linux-gnu/libz.so.1: no version information available (required by /usr/bin/cmake)
/usr/bin/cmake: /lib/x86_64-linux-gnu/libz.so.1: no version information available (required by /usr/lib/x86_64-linux-gnu/libxml2.so.2)
/usr/bin/cmake: /lib/x86_64-linux-gnu/libz.so.1: no version information available (required by /usr/lib/x86_64-linux-gnu/libxml2.so.2)
Linking CXX executable cmTC_bc8e4
/usr/bin/cmake -E cmake_link_script CMakeFiles/cmTC_bc8e4.dir/link.txt --verbose=1
/usr/bin/cmake: /lib/x86_64-linux-gnu/libz.so.1: no version information available (required by /usr/bin/cmake)
/usr/bin/cmake: /lib/x86_64-linux-gnu/libz.so.1: no version information available (required by /usr/lib/x86_64-linux-gnu/libxml2.so.2)
/usr/bin/cmake: /lib/x86_64-linux-gnu/libz.so.1: no version information available (required by /usr/lib/x86_64-linux-gnu/libxml2.so.2)
/usr/local/bin/icpc.pl  -g -O2 -fdebug-prefix-map=/dev/shm/myhtml/myhtml=. -Wformat -march=native -pipe -Wformat-security -Wdate-time -D_FORTIFY_SOURCE=2     -rdynamic CMakeFiles/cmTC_bc8e4.dir/feature_tests.cxx.o  -o cmTC_bc8e4 
x86_64-linux-gnu-ld: /lib/x86_64-linux-gnu/libz.so.1: no version information available (required by /usr/lib/x86_64-linux-gnu/libbfd-2.31.1-system.so)
make[3]: Leaving directory '/dev/shm/myhtml/myhtml/obj-x86_64-linux-gnu/CMakeFiles/CMakeTmp'
make[2]: Leaving directory '/dev/shm/myhtml/myhtml/obj-x86_64-linux-gnu/CMakeFiles/CMakeTmp'


    Feature record: CXX_FEATURE:1cxx_aggregate_default_initializers
    Feature record: CXX_FEATURE:1cxx_alias_templates
    Feature record: CXX_FEATURE:1cxx_alignas
    Feature record: CXX_FEATURE:1cxx_alignof
    Feature record: CXX_FEATURE:1cxx_attributes
    Feature record: CXX_FEATURE:1cxx_attribute_deprecated
    Feature record: CXX_FEATURE:1cxx_auto_type
    Feature record: CXX_FEATURE:1cxx_binary_literals
    Feature record: CXX_FEATURE:1cxx_constexpr
    Feature record: CXX_FEATURE:1cxx_contextual_conversions
    Feature record: CXX_FEATURE:1cxx_decltype
    Feature record: CXX_FEATURE:1cxx_decltype_auto
    Feature record: CXX_FEATURE:1cxx_decltype_incomplete_return_types
    Feature record: CXX_FEATURE:1cxx_default_function_template_args
    Feature record: CXX_FEATURE:1cxx_defaulted_functions
    Feature record: CXX_FEATURE:1cxx_defaulted_move_initializers
    Feature record: CXX_FEATURE:1cxx_delegating_constructors
    Feature record: CXX_FEATURE:1cxx_deleted_functions
    Feature record: CXX_FEATURE:1cxx_digit_separators
    Feature record: CXX_FEATURE:1cxx_enum_forward_declarations
    Feature record: CXX_FEATURE:1cxx_explicit_conversions
    Feature record: CXX_FEATURE:1cxx_extended_friend_declarations
    Feature record: CXX_FEATURE:1cxx_extern_templates
    Feature record: CXX_FEATURE:1cxx_final
    Feature record: CXX_FEATURE:1cxx_func_identifier
    Feature record: CXX_FEATURE:1cxx_generalized_initializers
    Feature record: CXX_FEATURE:1cxx_generic_lambdas
    Feature record: CXX_FEATURE:1cxx_inheriting_constructors
    Feature record: CXX_FEATURE:1cxx_inline_namespaces
    Feature record: CXX_FEATURE:1cxx_lambdas
    Feature record: CXX_FEATURE:1cxx_lambda_init_captures
    Feature record: CXX_FEATURE:1cxx_local_type_template_args
    Feature record: CXX_FEATURE:1cxx_long_long_type
    Feature record: CXX_FEATURE:1cxx_noexcept
    Feature record: CXX_FEATURE:1cxx_nonstatic_member_init
    Feature record: CXX_FEATURE:1cxx_nullptr
    Feature record: CXX_FEATURE:1cxx_override
    Feature record: CXX_FEATURE:1cxx_range_for
    Feature record: CXX_FEATURE:1cxx_raw_string_literals
    Feature record: CXX_FEATURE:1cxx_reference_qualified_functions
    Feature record: CXX_FEATURE:1cxx_relaxed_constexpr
    Feature record: CXX_FEATURE:1cxx_return_type_deduction
    Feature record: CXX_FEATURE:1cxx_right_angle_brackets
    Feature record: CXX_FEATURE:1cxx_rvalue_references
    Feature record: CXX_FEATURE:1cxx_sizeof_member
    Feature record: CXX_FEATURE:1cxx_static_assert
    Feature record: CXX_FEATURE:1cxx_strong_enums
    Feature record: CXX_FEATURE:1cxx_template_template_parameters
    Feature record: CXX_FEATURE:1cxx_thread_local
    Feature record: CXX_FEATURE:1cxx_trailing_return_types
    Feature record: CXX_FEATURE:1cxx_unicode_literals
    Feature record: CXX_FEATURE:1cxx_uniform_initialization
    Feature record: CXX_FEATURE:1cxx_unrestricted_unions
    Feature record: CXX_FEATURE:1cxx_user_literals
    Feature record: CXX_FEATURE:1cxx_variable_templates
    Feature record: CXX_FEATURE:1cxx_variadic_macros
    Feature record: CXX_FEATURE:1cxx_variadic_templates


Detecting CXX [-std=c++14] compiler features compiled with the following output:
Change Dir: /dev/shm/myhtml/myhtml/obj-x86_64-linux-gnu/CMakeFiles/CMakeTmp

Run Build Command:"/usr/bin/make" "cmTC_a417b/fast"
make[2]: Entering directory '/dev/shm/myhtml/myhtml/obj-x86_64-linux-gnu/CMakeFiles/CMakeTmp'
/usr/bin/make -f CMakeFiles/cmTC_a417b.dir/build.make CMakeFiles/cmTC_a417b.dir/build
make[3]: Entering directory '/dev/shm/myhtml/myhtml/obj-x86_64-linux-gnu/CMakeFiles/CMakeTmp'
/usr/bin/cmake: /lib/x86_64-linux-gnu/libz.so.1: no version information available (required by /usr/bin/cmake)
/usr/bin/cmake: /lib/x86_64-linux-gnu/libz.so.1: no version information available (required by /usr/lib/x86_64-linux-gnu/libxml2.so.2)
/usr/bin/cmake: /lib/x86_64-linux-gnu/libz.so.1: no version information available (required by /usr/lib/x86_64-linux-gnu/libxml2.so.2)
Building CXX object CMakeFiles/cmTC_a417b.dir/feature_tests.cxx.o
/usr/local/bin/icpc.pl    -g -O2 -fdebug-prefix-map=/dev/shm/myhtml/myhtml=. -Wformat -march=native -pipe -Wformat-security -Wdate-time -D_FORTIFY_SOURCE=2    -std=c++14 -o CMakeFiles/cmTC_a417b.dir/feature_tests.cxx.o -c /dev/shm/myhtml/myhtml/obj-x86_64-linux-gnu/CMakeFiles/feature_tests.cxx
/usr/bin/cmake: /lib/x86_64-linux-gnu/libz.so.1: no version information available (required by /usr/bin/cmake)
/usr/bin/cmake: /lib/x86_64-linux-gnu/libz.so.1: no version information available (required by /usr/lib/x86_64-linux-gnu/libxml2.so.2)
/usr/bin/cmake: /lib/x86_64-linux-gnu/libz.so.1: no version information available (required by /usr/lib/x86_64-linux-gnu/libxml2.so.2)
Linking CXX executable cmTC_a417b
/usr/bin/cmake -E cmake_link_script CMakeFiles/cmTC_a417b.dir/link.txt --verbose=1
/usr/bin/cmake: /lib/x86_64-linux-gnu/libz.so.1: no version information available (required by /usr/bin/cmake)
/usr/bin/cmake: /lib/x86_64-linux-gnu/libz.so.1: no version information available (required by /usr/lib/x86_64-linux-gnu/libxml2.so.2)
/usr/bin/cmake: /lib/x86_64-linux-gnu/libz.so.1: no version information available (required by /usr/lib/x86_64-linux-gnu/libxml2.so.2)
/usr/local/bin/icpc.pl  -g -O2 -fdebug-prefix-map=/dev/shm/myhtml/myhtml=. -Wformat -march=native -pipe -Wformat-security -Wdate-time -D_FORTIFY_SOURCE=2     -rdynamic CMakeFiles/cmTC_a417b.dir/feature_tests.cxx.o  -o cmTC_a417b 
x86_64-linux-gnu-ld: /lib/x86_64-linux-gnu/libz.so.1: no version information available (required by /usr/lib/x86_64-linux-gnu/libbfd-2.31.1-system.so)
make[3]: Leaving directory '/dev/shm/myhtml/myhtml/obj-x86_64-linux-gnu/CMakeFiles/CMakeTmp'
make[2]: Leaving directory '/dev/shm/myhtml/myhtml/obj-x86_64-linux-gnu/CMakeFiles/CMakeTmp'


    Feature record: CXX_FEATURE:1cxx_aggregate_default_initializers
    Feature record: CXX_FEATURE:1cxx_alias_templates
    Feature record: CXX_FEATURE:1cxx_alignas
    Feature record: CXX_FEATURE:1cxx_alignof
    Feature record: CXX_FEATURE:1cxx_attributes
    Feature record: CXX_FEATURE:1cxx_attribute_deprecated
    Feature record: CXX_FEATURE:1cxx_auto_type
    Feature record: CXX_FEATURE:1cxx_binary_literals
    Feature record: CXX_FEATURE:1cxx_constexpr
    Feature record: CXX_FEATURE:1cxx_contextual_conversions
    Feature record: CXX_FEATURE:1cxx_decltype
    Feature record: CXX_FEATURE:1cxx_decltype_auto
    Feature record: CXX_FEATURE:1cxx_decltype_incomplete_return_types
    Feature record: CXX_FEATURE:1cxx_default_function_template_args
    Feature record: CXX_FEATURE:1cxx_defaulted_functions
    Feature record: CXX_FEATURE:1cxx_defaulted_move_initializers
    Feature record: CXX_FEATURE:1cxx_delegating_constructors
    Feature record: CXX_FEATURE:1cxx_deleted_functions
    Feature record: CXX_FEATURE:1cxx_digit_separators
    Feature record: CXX_FEATURE:1cxx_enum_forward_declarations
    Feature record: CXX_FEATURE:1cxx_explicit_conversions
    Feature record: CXX_FEATURE:1cxx_extended_friend_declarations
    Feature record: CXX_FEATURE:1cxx_extern_templates
    Feature record: CXX_FEATURE:1cxx_final
    Feature record: CXX_FEATURE:1cxx_func_identifier
    Feature record: CXX_FEATURE:1cxx_generalized_initializers
    Feature record: CXX_FEATURE:1cxx_generic_lambdas
    Feature record: CXX_FEATURE:1cxx_inheriting_constructors
    Feature record: CXX_FEATURE:1cxx_inline_namespaces
    Feature record: CXX_FEATURE:1cxx_lambdas
    Feature record: CXX_FEATURE:1cxx_lambda_init_captures
    Feature record: CXX_FEATURE:1cxx_local_type_template_args
    Feature record: CXX_FEATURE:1cxx_long_long_type
    Feature record: CXX_FEATURE:1cxx_noexcept
    Feature record: CXX_FEATURE:1cxx_nonstatic_member_init
    Feature record: CXX_FEATURE:1cxx_nullptr
    Feature record: CXX_FEATURE:1cxx_override
    Feature record: CXX_FEATURE:1cxx_range_for
    Feature record: CXX_FEATURE:1cxx_raw_string_literals
    Feature record: CXX_FEATURE:1cxx_reference_qualified_functions
    Feature record: CXX_FEATURE:1cxx_relaxed_constexpr
    Feature record: CXX_FEATURE:1cxx_return_type_deduction
    Feature record: CXX_FEATURE:1cxx_right_angle_brackets
    Feature record: CXX_FEATURE:1cxx_rvalue_references
    Feature record: CXX_FEATURE:1cxx_sizeof_member
    Feature record: CXX_FEATURE:1cxx_static_assert
    Feature record: CXX_FEATURE:1cxx_strong_enums
    Feature record: CXX_FEATURE:1cxx_template_template_parameters
    Feature record: CXX_FEATURE:1cxx_thread_local
    Feature record: CXX_FEATURE:1cxx_trailing_return_types
    Feature record: CXX_FEATURE:1cxx_unicode_literals
    Feature record: CXX_FEATURE:1cxx_uniform_initialization
    Feature record: CXX_FEATURE:1cxx_unrestricted_unions
    Feature record: CXX_FEATURE:1cxx_user_literals
    Feature record: CXX_FEATURE:1cxx_variable_templates
    Feature record: CXX_FEATURE:1cxx_variadic_macros
    Feature record: CXX_FEATURE:1cxx_variadic_templates


Detecting CXX [-std=c++11] compiler features compiled with the following output:
Change Dir: /dev/shm/myhtml/myhtml/obj-x86_64-linux-gnu/CMakeFiles/CMakeTmp

Run Build Command:"/usr/bin/make" "cmTC_23560/fast"
make[2]: Entering directory '/dev/shm/myhtml/myhtml/obj-x86_64-linux-gnu/CMakeFiles/CMakeTmp'
/usr/bin/make -f CMakeFiles/cmTC_23560.dir/build.make CMakeFiles/cmTC_23560.dir/build
make[3]: Entering directory '/dev/shm/myhtml/myhtml/obj-x86_64-linux-gnu/CMakeFiles/CMakeTmp'
/usr/bin/cmake: /lib/x86_64-linux-gnu/libz.so.1: no version information available (required by /usr/bin/cmake)
/usr/bin/cmake: /lib/x86_64-linux-gnu/libz.so.1: no version information available (required by /usr/lib/x86_64-linux-gnu/libxml2.so.2)
/usr/bin/cmake: /lib/x86_64-linux-gnu/libz.so.1: no version information available (required by /usr/lib/x86_64-linux-gnu/libxml2.so.2)
Building CXX object CMakeFiles/cmTC_23560.dir/feature_tests.cxx.o
/usr/local/bin/icpc.pl    -g -O2 -fdebug-prefix-map=/dev/shm/myhtml/myhtml=. -Wformat -march=native -pipe -Wformat-security -Wdate-time -D_FORTIFY_SOURCE=2    -std=c++11 -o CMakeFiles/cmTC_23560.dir/feature_tests.cxx.o -c /dev/shm/myhtml/myhtml/obj-x86_64-linux-gnu/CMakeFiles/feature_tests.cxx
/usr/bin/cmake: /lib/x86_64-linux-gnu/libz.so.1: no version information available (required by /usr/bin/cmake)
/usr/bin/cmake: /lib/x86_64-linux-gnu/libz.so.1: no version information available (required by /usr/lib/x86_64-linux-gnu/libxml2.so.2)
/usr/bin/cmake: /lib/x86_64-linux-gnu/libz.so.1: no version information available (required by /usr/lib/x86_64-linux-gnu/libxml2.so.2)
Linking CXX executable cmTC_23560
/usr/bin/cmake -E cmake_link_script CMakeFiles/cmTC_23560.dir/link.txt --verbose=1
/usr/bin/cmake: /lib/x86_64-linux-gnu/libz.so.1: no version information available (required by /usr/bin/cmake)
/usr/bin/cmake: /lib/x86_64-linux-gnu/libz.so.1: no version information available (required by /usr/lib/x86_64-linux-gnu/libxml2.so.2)
/usr/bin/cmake: /lib/x86_64-linux-gnu/libz.so.1: no version information available (required by /usr/lib/x86_64-linux-gnu/libxml2.so.2)
/usr/local/bin/icpc.pl  -g -O2 -fdebug-prefix-map=/dev/shm/myhtml/myhtml=. -Wformat -march=native -pipe -Wformat-security -Wdate-time -D_FORTIFY_SOURCE=2     -rdynamic CMakeFiles/cmTC_23560.dir/feature_tests.cxx.o  -o cmTC_23560 
x86_64-linux-gnu-ld: /lib/x86_64-linux-gnu/libz.so.1: no version information available (required by /usr/lib/x86_64-linux-gnu/libbfd-2.31.1-system.so)
make[3]: Leaving directory '/dev/shm/myhtml/myhtml/obj-x86_64-linux-gnu/CMakeFiles/CMakeTmp'
make[2]: Leaving directory '/dev/shm/myhtml/myhtml/obj-x86_64-linux-gnu/CMakeFiles/CMakeTmp'


    Feature record: CXX_FEATURE:0cxx_aggregate_default_initializers
    Feature record: CXX_FEATURE:1cxx_alias_templates
    Feature record: CXX_FEATURE:1cxx_alignas
    Feature record: CXX_FEATURE:1cxx_alignof
    Feature record: CXX_FEATURE:1cxx_attributes
    Feature record: CXX_FEATURE:0cxx_attribute_deprecated
    Feature record: CXX_FEATURE:1cxx_auto_type
    Feature record: CXX_FEATURE:1cxx_binary_literals
    Feature record: CXX_FEATURE:1cxx_constexpr
    Feature record: CXX_FEATURE:0cxx_contextual_conversions
    Feature record: CXX_FEATURE:1cxx_decltype
    Feature record: CXX_FEATURE:0cxx_decltype_auto
    Feature record: CXX_FEATURE:1cxx_decltype_incomplete_return_types
    Feature record: CXX_FEATURE:1cxx_default_function_template_args
    Feature record: CXX_FEATURE:1cxx_defaulted_functions
    Feature record: CXX_FEATURE:1cxx_defaulted_move_initializers
    Feature record: CXX_FEATURE:1cxx_delegating_constructors
    Feature record: CXX_FEATURE:1cxx_deleted_functions
    Feature record: CXX_FEATURE:0cxx_digit_separators
    Feature record: CXX_FEATURE:1cxx_enum_forward_declarations
    Feature record: CXX_FEATURE:1cxx_explicit_conversions
    Feature record: CXX_FEATURE:1cxx_extended_friend_declarations
    Feature record: CXX_FEATURE:1cxx_extern_templates
    Feature record: CXX_FEATURE:1cxx_final
    Feature record: CXX_FEATURE:1cxx_func_identifier
    Feature record: CXX_FEATURE:1cxx_generalized_initializers
    Feature record: CXX_FEATURE:0cxx_generic_lambdas
    Feature record: CXX_FEATURE:1cxx_inheriting_constructors
    Feature record: CXX_FEATURE:1cxx_inline_namespaces
    Feature record: CXX_FEATURE:1cxx_lambdas
    Feature record: CXX_FEATURE:0cxx_lambda_init_captures
    Feature record: CXX_FEATURE:1cxx_local_type_template_args
    Feature record: CXX_FEATURE:1cxx_long_long_type
    Feature record: CXX_FEATURE:1cxx_noexcept
    Feature record: CXX_FEATURE:1cxx_nonstatic_member_init
    Feature record: CXX_FEATURE:1cxx_nullptr
    Feature record: CXX_FEATURE:1cxx_override
    Feature record: CXX_FEATURE:1cxx_range_for
    Feature record: CXX_FEATURE:1cxx_raw_string_literals
    Feature record: CXX_FEATURE:1cxx_reference_qualified_functions
    Feature record: CXX_FEATURE:0cxx_relaxed_constexpr
    Feature record: CXX_FEATURE:0cxx_return_type_deduction
    Feature record: CXX_FEATURE:1cxx_right_angle_brackets
    Feature record: CXX_FEATURE:1cxx_rvalue_references
    Feature record: CXX_FEATURE:1cxx_sizeof_member
    Feature record: CXX_FEATURE:1cxx_static_assert
    Feature record: CXX_FEATURE:1cxx_strong_enums
    Feature record: CXX_FEATURE:1cxx_template_template_parameters
    Feature record: CXX_FEATURE:1cxx_thread_local
    Feature record: CXX_FEATURE:1cxx_trailing_return_types
    Feature record: CXX_FEATURE:1cxx_unicode_literals
    Feature record: CXX_FEATURE:1cxx_uniform_initialization
    Feature record: CXX_FEATURE:1cxx_unrestricted_unions
    Feature record: CXX_FEATURE:1cxx_user_literals
    Feature record: CXX_FEATURE:0cxx_variable_templates
    Feature record: CXX_FEATURE:1cxx_variadic_macros
    Feature record: CXX_FEATURE:1cxx_variadic_templates


Detecting CXX [-std=c++98] compiler features compiled with the following output:
Change Dir: /dev/shm/myhtml/myhtml/obj-x86_64-linux-gnu/CMakeFiles/CMakeTmp

Run Build Command:"/usr/bin/make" "cmTC_cc2a1/fast"
make[2]: Entering directory '/dev/shm/myhtml/myhtml/obj-x86_64-linux-gnu/CMakeFiles/CMakeTmp'
/usr/bin/make -f CMakeFiles/cmTC_cc2a1.dir/build.make CMakeFiles/cmTC_cc2a1.dir/build
make[3]: Entering directory '/dev/shm/myhtml/myhtml/obj-x86_64-linux-gnu/CMakeFiles/CMakeTmp'
/usr/bin/cmake: /lib/x86_64-linux-gnu/libz.so.1: no version information available (required by /usr/bin/cmake)
/usr/bin/cmake: /lib/x86_64-linux-gnu/libz.so.1: no version information available (required by /usr/lib/x86_64-linux-gnu/libxml2.so.2)
/usr/bin/cmake: /lib/x86_64-linux-gnu/libz.so.1: no version information available (required by /usr/lib/x86_64-linux-gnu/libxml2.so.2)
Building CXX object CMakeFiles/cmTC_cc2a1.dir/feature_tests.cxx.o
/usr/local/bin/icpc.pl    -g -O2 -fdebug-prefix-map=/dev/shm/myhtml/myhtml=. -Wformat -march=native -pipe -Wformat-security -Wdate-time -D_FORTIFY_SOURCE=2    -std=c++98 -o CMakeFiles/cmTC_cc2a1.dir/feature_tests.cxx.o -c /dev/shm/myhtml/myhtml/obj-x86_64-linux-gnu/CMakeFiles/feature_tests.cxx
/usr/bin/cmake: /lib/x86_64-linux-gnu/libz.so.1: no version information available (required by /usr/bin/cmake)
/usr/bin/cmake: /lib/x86_64-linux-gnu/libz.so.1: no version information available (required by /usr/lib/x86_64-linux-gnu/libxml2.so.2)
/usr/bin/cmake: /lib/x86_64-linux-gnu/libz.so.1: no version information available (required by /usr/lib/x86_64-linux-gnu/libxml2.so.2)
Linking CXX executable cmTC_cc2a1
/usr/bin/cmake -E cmake_link_script CMakeFiles/cmTC_cc2a1.dir/link.txt --verbose=1
/usr/bin/cmake: /lib/x86_64-linux-gnu/libz.so.1: no version information available (required by /usr/bin/cmake)
/usr/bin/cmake: /lib/x86_64-linux-gnu/libz.so.1: no version information available (required by /usr/lib/x86_64-linux-gnu/libxml2.so.2)
/usr/bin/cmake: /lib/x86_64-linux-gnu/libz.so.1: no version information available (required by /usr/lib/x86_64-linux-gnu/libxml2.so.2)
/usr/local/bin/icpc.pl  -g -O2 -fdebug-prefix-map=/dev/shm/myhtml/myhtml=. -Wformat -march=native -pipe -Wformat-security -Wdate-time -D_FORTIFY_SOURCE=2     -rdynamic CMakeFiles/cmTC_cc2a1.dir/feature_tests.cxx.o  -o cmTC_cc2a1 
x86_64-linux-gnu-ld: /lib/x86_64-linux-gnu/libz.so.1: no version information available (required by /usr/lib/x86_64-linux-gnu/libbfd-2.31.1-system.so)
make[3]: Leaving directory '/dev/shm/myhtml/myhtml/obj-x86_64-linux-gnu/CMakeFiles/CMakeTmp'
make[2]: Leaving directory '/dev/shm/myhtml/myhtml/obj-x86_64-linux-gnu/CMakeFiles/CMakeTmp'


    Feature record: CXX_FEATURE:0cxx_aggregate_default_initializers
    Feature record: CXX_FEATURE:0cxx_alias_templates
    Feature record: CXX_FEATURE:0cxx_alignas
    Feature record: CXX_FEATURE:0cxx_alignof
    Feature record: CXX_FEATURE:0cxx_attributes
    Feature record: CXX_FEATURE:0cxx_attribute_deprecated
    Feature record: CXX_FEATURE:0cxx_auto_type
    Feature record: CXX_FEATURE:1cxx_binary_literals
    Feature record: CXX_FEATURE:0cxx_constexpr
    Feature record: CXX_FEATURE:0cxx_contextual_conversions
    Feature record: CXX_FEATURE:0cxx_decltype
    Feature record: CXX_FEATURE:0cxx_decltype_auto
    Feature record: CXX_FEATURE:0cxx_decltype_incomplete_return_types
    Feature record: CXX_FEATURE:0cxx_default_function_template_args
    Feature record: CXX_FEATURE:0cxx_defaulted_functions
    Feature record: CXX_FEATURE:0cxx_defaulted_move_initializers
    Feature record: CXX_FEATURE:0cxx_delegating_constructors
    Feature record: CXX_FEATURE:0cxx_deleted_functions
    Feature record: CXX_FEATURE:0cxx_digit_separators
    Feature record: CXX_FEATURE:0cxx_enum_forward_declarations
    Feature record: CXX_FEATURE:0cxx_explicit_conversions
    Feature record: CXX_FEATURE:0cxx_extended_friend_declarations
    Feature record: CXX_FEATURE:0cxx_extern_templates
    Feature record: CXX_FEATURE:0cxx_final
    Feature record: CXX_FEATURE:0cxx_func_identifier
    Feature record: CXX_FEATURE:0cxx_generalized_initializers
    Feature record: CXX_FEATURE:0cxx_generic_lambdas
    Feature record: CXX_FEATURE:0cxx_inheriting_constructors
    Feature record: CXX_FEATURE:0cxx_inline_namespaces
    Feature record: CXX_FEATURE:0cxx_lambdas
    Feature record: CXX_FEATURE:0cxx_lambda_init_captures
    Feature record: CXX_FEATURE:0cxx_local_type_template_args
    Feature record: CXX_FEATURE:0cxx_long_long_type
    Feature record: CXX_FEATURE:0cxx_noexcept
    Feature record: CXX_FEATURE:0cxx_nonstatic_member_init
    Feature record: CXX_FEATURE:0cxx_nullptr
    Feature record: CXX_FEATURE:0cxx_override
    Feature record: CXX_FEATURE:0cxx_range_for
    Feature record: CXX_FEATURE:0cxx_raw_string_literals
    Feature record: CXX_FEATURE:0cxx_reference_qualified_functions
    Feature record: CXX_FEATURE:0cxx_relaxed_constexpr
    Feature record: CXX_FEATURE:0cxx_return_type_deduction
    Feature record: CXX_FEATURE:0cxx_right_angle_brackets
    Feature record: CXX_FEATURE:0cxx_rvalue_references
    Feature record: CXX_FEATURE:0cxx_sizeof_member
    Feature record: CXX_FEATURE:0cxx_static_assert
    Feature record: CXX_FEATURE:0cxx_strong_enums
    Feature record: CXX_FEATURE:0cxx_template_template_parameters
    Feature record: CXX_FEATURE:0cxx_thread_local
    Feature record: CXX_FEATURE:0cxx_trailing_return_types
    Feature record: CXX_FEATURE:0cxx_unicode_literals
    Feature record: CXX_FEATURE:0cxx_uniform_initialization
    Feature record: CXX_FEATURE:0cxx_unrestricted_unions
    Feature record: CXX_FEATURE:0cxx_user_literals
    Feature record: CXX_FEATURE:0cxx_variable_templates
    Feature record: CXX_FEATURE:0cxx_variadic_macros
    Feature record: CXX_FEATURE:0cxx_variadic_templates
Determining if the include file pthread.h exists passed with the following output:
Change Dir: /dev/shm/myhtml/myhtml/obj-x86_64-linux-gnu/CMakeFiles/CMakeTmp

Run Build Command:"/usr/bin/make" "cmTC_a53e3/fast"
make[2]: Entering directory '/dev/shm/myhtml/myhtml/obj-x86_64-linux-gnu/CMakeFiles/CMakeTmp'
/usr/bin/make -f CMakeFiles/cmTC_a53e3.dir/build.make CMakeFiles/cmTC_a53e3.dir/build
make[3]: Entering directory '/dev/shm/myhtml/myhtml/obj-x86_64-linux-gnu/CMakeFiles/CMakeTmp'
/usr/bin/cmake: /lib/x86_64-linux-gnu/libz.so.1: no version information available (required by /usr/bin/cmake)
/usr/bin/cmake: /lib/x86_64-linux-gnu/libz.so.1: no version information available (required by /usr/lib/x86_64-linux-gnu/libxml2.so.2)
/usr/bin/cmake: /lib/x86_64-linux-gnu/libz.so.1: no version information available (required by /usr/lib/x86_64-linux-gnu/libxml2.so.2)
Building C object CMakeFiles/cmTC_a53e3.dir/CheckIncludeFile.c.o
/usr/local/bin/icc.pl   -g -O2 -fdebug-prefix-map=/dev/shm/myhtml/myhtml=. -Wformat -march=native -pipe -Wformat-security -Wdate-time -D_FORTIFY_SOURCE=2    -o CMakeFiles/cmTC_a53e3.dir/CheckIncludeFile.c.o   -c /dev/shm/myhtml/myhtml/obj-x86_64-linux-gnu/CMakeFiles/CMakeTmp/CheckIncludeFile.c
/usr/bin/cmake: /lib/x86_64-linux-gnu/libz.so.1: no version information available (required by /usr/bin/cmake)
/usr/bin/cmake: /lib/x86_64-linux-gnu/libz.so.1: no version information available (required by /usr/lib/x86_64-linux-gnu/libxml2.so.2)
/usr/bin/cmake: /lib/x86_64-linux-gnu/libz.so.1: no version information available (required by /usr/lib/x86_64-linux-gnu/libxml2.so.2)
Linking C executable cmTC_a53e3
/usr/bin/cmake -E cmake_link_script CMakeFiles/cmTC_a53e3.dir/link.txt --verbose=1
/usr/bin/cmake: /lib/x86_64-linux-gnu/libz.so.1: no version information available (required by /usr/bin/cmake)
/usr/bin/cmake: /lib/x86_64-linux-gnu/libz.so.1: no version information available (required by /usr/lib/x86_64-linux-gnu/libxml2.so.2)
/usr/bin/cmake: /lib/x86_64-linux-gnu/libz.so.1: no version information available (required by /usr/lib/x86_64-linux-gnu/libxml2.so.2)
/usr/local/bin/icc.pl -g -O2 -fdebug-prefix-map=/dev/shm/myhtml/myhtml=. -Wformat -march=native -pipe -Wformat-security -Wdate-time -D_FORTIFY_SOURCE=2     -rdynamic CMakeFiles/cmTC_a53e3.dir/CheckIncludeFile.c.o  -o cmTC_a53e3 
x86_64-linux-gnu-ld: /lib/x86_64-linux-gnu/libz.so.1: no version information available (required by /usr/lib/x86_64-linux-gnu/libbfd-2.31.1-system.so)
make[3]: Leaving directory '/dev/shm/myhtml/myhtml/obj-x86_64-linux-gnu/CMakeFiles/CMakeTmp'
make[2]: Leaving directory '/dev/shm/myhtml/myhtml/obj-x86_64-linux-gnu/CMakeFiles/CMakeTmp'


Determining if the pthread_create exist passed with the following output:
Change Dir: /dev/shm/myhtml/myhtml/obj-x86_64-linux-gnu/CMakeFiles/CMakeTmp

Run Build Command:"/usr/bin/make" "cmTC_9ddf1/fast"
make[2]: Entering directory '/dev/shm/myhtml/myhtml/obj-x86_64-linux-gnu/CMakeFiles/CMakeTmp'
/usr/bin/make -f CMakeFiles/cmTC_9ddf1.dir/build.make CMakeFiles/cmTC_9ddf1.dir/build
make[3]: Entering directory '/dev/shm/myhtml/myhtml/obj-x86_64-linux-gnu/CMakeFiles/CMakeTmp'
/usr/bin/cmake: /lib/x86_64-linux-gnu/libz.so.1: no version information available (required by /usr/bin/cmake)
/usr/bin/cmake: /lib/x86_64-linux-gnu/libz.so.1: no version information available (required by /usr/lib/x86_64-linux-gnu/libxml2.so.2)
/usr/bin/cmake: /lib/x86_64-linux-gnu/libz.so.1: no version information available (required by /usr/lib/x86_64-linux-gnu/libxml2.so.2)
Building C object CMakeFiles/cmTC_9ddf1.dir/CheckSymbolExists.c.o
/usr/local/bin/icc.pl   -g -O2 -fdebug-prefix-map=/dev/shm/myhtml/myhtml=. -Wformat -march=native -pipe -Wformat-security -Wdate-time -D_FORTIFY_SOURCE=2    -o CMakeFiles/cmTC_9ddf1.dir/CheckSymbolExists.c.o   -c /dev/shm/myhtml/myhtml/obj-x86_64-linux-gnu/CMakeFiles/CMakeTmp/CheckSymbolExists.c
/usr/bin/cmake: /lib/x86_64-linux-gnu/libz.so.1: no version information available (required by /usr/bin/cmake)
/usr/bin/cmake: /lib/x86_64-linux-gnu/libz.so.1: no version information available (required by /usr/lib/x86_64-linux-gnu/libxml2.so.2)
/usr/bin/cmake: /lib/x86_64-linux-gnu/libz.so.1: no version information available (required by /usr/lib/x86_64-linux-gnu/libxml2.so.2)
Linking C executable cmTC_9ddf1
/usr/bin/cmake -E cmake_link_script CMakeFiles/cmTC_9ddf1.dir/link.txt --verbose=1
/usr/bin/cmake: /lib/x86_64-linux-gnu/libz.so.1: no version information available (required by /usr/bin/cmake)
/usr/bin/cmake: /lib/x86_64-linux-gnu/libz.so.1: no version information available (required by /usr/lib/x86_64-linux-gnu/libxml2.so.2)
/usr/bin/cmake: /lib/x86_64-linux-gnu/libz.so.1: no version information available (required by /usr/lib/x86_64-linux-gnu/libxml2.so.2)
/usr/local/bin/icc.pl -g -O2 -fdebug-prefix-map=/dev/shm/myhtml/myhtml=. -Wformat -march=native -pipe -Wformat-security -Wdate-time -D_FORTIFY_SOURCE=2     -rdynamic CMakeFiles/cmTC_9ddf1.dir/CheckSymbolExists.c.o  -o cmTC_9ddf1 
x86_64-linux-gnu-ld: /lib/x86_64-linux-gnu/libz.so.1: no version information available (required by /usr/lib/x86_64-linux-gnu/libbfd-2.31.1-system.so)
make[3]: Leaving directory '/dev/shm/myhtml/myhtml/obj-x86_64-linux-gnu/CMakeFiles/CMakeTmp'
make[2]: Leaving directory '/dev/shm/myhtml/myhtml/obj-x86_64-linux-gnu/CMakeFiles/CMakeTmp'

File /dev/shm/myhtml/myhtml/obj-x86_64-linux-gnu/CMakeFiles/CMakeTmp/CheckSymbolExists.c:
/* */
#include <pthread.h>

int main(int argc, char** argv)
{
  (void)argv;
#ifndef pthread_create
  return ((int*)(&pthread_create))[argc];
#else
  (void)argc;
  return 0;
#endif
}

